#
# There is insufficient memory for the Java Runtime Environment to continue.
# Native memory allocation (malloc) failed to allocate 1016896 bytes. Error detail: Chunk::new
# Possible reasons:
#   The system is out of physical RAM or swap space
#   This process is running with CompressedOops enabled, and the Java Heap may be blocking the growth of the native heap
# Possible solutions:
#   Reduce memory load on the system
#   Increase physical memory or swap space
#   Check if swap backing store is full
#   Decrease Java heap size (-Xmx/-Xms)
#   Decrease number of Java threads
#   Decrease Java thread stack sizes (-Xss)
#   Set larger code cache with -XX:ReservedCodeCacheSize=
#   JVM is running with Unscaled Compressed Oops mode in which the Java heap is
#     placed in the first 4GB address space. The Java Heap base address is the
#     maximum limit for the native heap growth. Please use -XX:HeapBaseMinAddress
#     to set the Java Heap base and to place the Java Heap above 4GB virtual address.
# This output file may be truncated or incomplete.
#
#  Out of Memory Error (arena.cpp:168), pid=28432, tid=39132
#
# JRE version: OpenJDK Runtime Environment JBR-21.0.9+1-1163.86-jcef (21.0.9+1) (build 21.0.9+1-b1163.86)
# Java VM: OpenJDK 64-Bit Server VM JBR-21.0.9+1-1163.86-jcef (21.0.9+1-b1163.86, mixed mode, sharing, tiered, compressed oops, compressed class ptrs, g1 gc, windows-amd64)
# No core dump will be written. Minidumps are not enabled by default on client versions of Windows
#

---------------  S U M M A R Y ------------

Command Line: -Djava.rmi.server.hostname=127.0.0.1 -Duser.timezone=UTC -Xmx2048m -Xms128m --add-exports=java.desktop/sun.awt=ALL-UNNAMED --add-exports=java.desktop/java.awt.peer=ALL-UNNAMED --add-opens=java.desktop/java.awt=ALL-UNNAMED --add-opens=jdk.unsupported/sun.misc=ALL-UNNAMED --add-opens=java.base/java.nio=ALL-UNNAMED --add-opens=java.base/java.util=ALL-UNNAMED -Dfile.encoding=UTF-8 -Dsun.stdout.encoding=UTF-8 -Dsun.stderr.encoding=UTF-8 com.intellij.database.remote.RemoteJdbcServer com.mysql.cj.jdbc.Driver

Host: AMD Ryzen 7 4800H with Radeon Graphics         , 16 cores, 15G,  Windows 11 , 64 bit Build 26100 (10.0.26100.7623)
Time: Tue Feb  3 13:24:52 2026 SE Asia Standard Time elapsed time: 1.555479 seconds (0d 0h 0m 1s)

---------------  T H R E A D  ---------------

Current thread (0x000001ce57ec5600):  JavaThread "C2 CompilerThread0" daemon [_thread_in_native, id=39132, stack(0x000000cb25e00000,0x000000cb25f00000) (1024K)]


Current CompileTask:
C2:1555 2495       4       java.lang.invoke.MethodType::methodType (69 bytes)

Stack: [0x000000cb25e00000,0x000000cb25f00000]
Native frames: (J=compiled Java code, j=interpreted, Vv=VM code, C=native code)
V  [jvm.dll+0x6ec339]
V  [jvm.dll+0x8cc463]
V  [jvm.dll+0x8cea7e]
V  [jvm.dll+0x8cf163]
V  [jvm.dll+0x28b006]
V  [jvm.dll+0xc6f3d]
V  [jvm.dll+0xc7473]
V  [jvm.dll+0x301db0]
V  [jvm.dll+0x611df9]
V  [jvm.dll+0x25b0b2]
V  [jvm.dll+0x25395a]
V  [jvm.dll+0x25146e]
V  [jvm.dll+0x1ceb04]
V  [jvm.dll+0x260e0e]
V  [jvm.dll+0x25f356]
V  [jvm.dll+0x4031b6]
V  [jvm.dll+0x874178]
V  [jvm.dll+0x6eaabd]
C  [ucrtbase.dll+0x37b0]
C  [KERNEL32.DLL+0x2e8d7]
C  [ntdll.dll+0x8c53c]


---------------  P R O C E S S  ---------------

Threads class SMR info:
_java_thread_list=0x000001ce9ead6060, length=29, elements={
0x000001ce3c9897f0, 0x000001ce57ea9770, 0x000001ce57eace10, 0x000001ce57eb0890,
0x000001ce57eb3690, 0x000001ce57eb67f0, 0x000001ce57eba720, 0x000001ce57eb7fc0,
0x000001ce57ec5600, 0x000001ce9e031f80, 0x000001ce9e12c2c0, 0x000001ce57eb8ce0,
0x000001ce9e12c990, 0x000001ce9e12b520, 0x000001ce9e12d060, 0x000001ce57eb72a0,
0x000001ce57eba090, 0x000001ce57eb8650, 0x000001ce57eb9a00, 0x000001ce57eb9370,
0x000001ce57eb7930, 0x000001ce9e961980, 0x000001ce9e9605d0, 0x000001ce9e9612f0,
0x000001ce9e962010, 0x000001ce9e9626a0, 0x000001ce9e12d730, 0x000001ce9e12de00,
0x000001ce9e12e4d0
}

Java Threads: ( => current thread )
  0x000001ce3c9897f0 JavaThread "main"                              [_thread_blocked, id=30040, stack(0x000000cb24f00000,0x000000cb25000000) (1024K)]
  0x000001ce57ea9770 JavaThread "Common-Cleaner"             daemon [_thread_blocked, id=36672, stack(0x000000cb25700000,0x000000cb25800000) (1024K)]
  0x000001ce57eace10 JavaThread "Reference Handler"          daemon [_thread_blocked, id=32584, stack(0x000000cb25800000,0x000000cb25900000) (1024K)]
  0x000001ce57eb0890 JavaThread "Finalizer"                  daemon [_thread_blocked, id=26924, stack(0x000000cb25900000,0x000000cb25a00000) (1024K)]
  0x000001ce57eb3690 JavaThread "Signal Dispatcher"          daemon [_thread_blocked, id=31336, stack(0x000000cb25a00000,0x000000cb25b00000) (1024K)]
  0x000001ce57eb67f0 JavaThread "Attach Listener"            daemon [_thread_blocked, id=36964, stack(0x000000cb25b00000,0x000000cb25c00000) (1024K)]
  0x000001ce57eba720 JavaThread "Service Thread"             daemon [_thread_blocked, id=17732, stack(0x000000cb25c00000,0x000000cb25d00000) (1024K)]
  0x000001ce57eb7fc0 JavaThread "Monitor Deflation Thread"   daemon [_thread_blocked, id=29428, stack(0x000000cb25d00000,0x000000cb25e00000) (1024K)]
=>0x000001ce57ec5600 JavaThread "C2 CompilerThread0"         daemon [_thread_in_native, id=39132, stack(0x000000cb25e00000,0x000000cb25f00000) (1024K)]
  0x000001ce9e031f80 JavaThread "C1 CompilerThread0"         daemon [_thread_blocked, id=29268, stack(0x000000cb25f00000,0x000000cb26000000) (1024K)]
  0x000001ce9e12c2c0 JavaThread "C1 CompilerThread1"         daemon [_thread_blocked, id=35720, stack(0x000000cb26000000,0x000000cb26100000) (1024K)]
  0x000001ce57eb8ce0 JavaThread "Notification Thread"        daemon [_thread_blocked, id=6472, stack(0x000000cb26100000,0x000000cb26200000) (1024K)]
  0x000001ce9e12c990 JavaThread "C2 CompilerThread1"         daemon [_thread_in_native, id=17200, stack(0x000000cb26200000,0x000000cb26300000) (1024K)]
  0x000001ce9e12b520 JavaThread "C1 CompilerThread2"         daemon [_thread_blocked, id=16540, stack(0x000000cb26300000,0x000000cb26400000) (1024K)]
  0x000001ce9e12d060 JavaThread "C1 CompilerThread3"         daemon [_thread_blocked, id=1632, stack(0x000000cb26400000,0x000000cb26500000) (1024K)]
  0x000001ce57eb72a0 JavaThread "RMI TCP Accept-26917"       daemon [_thread_in_native, id=25388, stack(0x000000cb26500000,0x000000cb26600000) (1024K)]
  0x000001ce57eba090 JavaThread "RMI TCP Accept-0"           daemon [_thread_in_native, id=2788, stack(0x000000cb26600000,0x000000cb26700000) (1024K)]
  0x000001ce57eb8650 JavaThread "RMI Reaper"                        [_thread_blocked, id=29692, stack(0x000000cb26700000,0x000000cb26800000) (1024K)]
  0x000001ce57eb9a00 JavaThread "RMI GC Daemon"              daemon [_thread_blocked, id=31248, stack(0x000000cb26800000,0x000000cb26900000) (1024K)]
  0x000001ce57eb9370 JavaThread "RMI TCP Connection(1)-127.0.0.1" daemon [_thread_in_native, id=20864, stack(0x000000cb26900000,0x000000cb26a00000) (1024K)]
  0x000001ce57eb7930 JavaThread "RMI TCP Connection(2)-127.0.0.1" daemon [_thread_in_native, id=33436, stack(0x000000cb26a00000,0x000000cb26b00000) (1024K)]
  0x000001ce9e961980 JavaThread "RMI Scheduler(0)"           daemon [_thread_blocked, id=26988, stack(0x000000cb26b00000,0x000000cb26c00000) (1024K)]
  0x000001ce9e9605d0 JavaThread "RMI TCP Connection(3)-127.0.0.1" daemon [_thread_in_native, id=33068, stack(0x000000cb26c00000,0x000000cb26d00000) (1024K)]
  0x000001ce9e9612f0 JavaThread "RMI TCP Connection(4)-127.0.0.1" daemon [_thread_in_native, id=30572, stack(0x000000cb26d00000,0x000000cb26e00000) (1024K)]
  0x000001ce9e962010 JavaThread "RMI RenewClean-[127.0.0.1:51478]" daemon [_thread_blocked, id=14164, stack(0x000000cb26e00000,0x000000cb26f00000) (1024K)]
  0x000001ce9e9626a0 JavaThread "mysql-cj-abandoned-connection-cleanup" daemon [_thread_blocked, id=7980, stack(0x000000cb26f00000,0x000000cb27000000) (1024K)]
  0x000001ce9e12d730 JavaThread "C2 CompilerThread2"         daemon [_thread_blocked, id=14100, stack(0x000000cb27b00000,0x000000cb27c00000) (1024K)]
  0x000001ce9e12de00 JavaThread "C2 CompilerThread3"         daemon [_thread_blocked, id=32300, stack(0x000000cb27c00000,0x000000cb27d00000) (1024K)]
  0x000001ce9e12e4d0 JavaThread "C2 CompilerThread4"         daemon [_thread_blocked, id=13748, stack(0x000000cb27d00000,0x000000cb27e00000) (1024K)]
Total: 29

Other Threads:
  0x000001ce57e8c1b0 VMThread "VM Thread"                           [id=37468, stack(0x000000cb25600000,0x000000cb25700000) (1024K)]
  0x000001ce57e7bb70 WatcherThread "VM Periodic Task Thread"        [id=39128, stack(0x000000cb25500000,0x000000cb25600000) (1024K)]
  0x000001ce3edbc200 WorkerThread "GC Thread#0"                     [id=2524, stack(0x000000cb25000000,0x000000cb25100000) (1024K)]
  0x000001ce57e8c550 WorkerThread "GC Thread#1"                     [id=8940, stack(0x000000cb27000000,0x000000cb27100000) (1024K)]
  0x000001ce57e8c8f0 WorkerThread "GC Thread#2"                     [id=38116, stack(0x000000cb27100000,0x000000cb27200000) (1024K)]
  0x000001ce57e8cc90 WorkerThread "GC Thread#3"                     [id=35216, stack(0x000000cb27200000,0x000000cb27300000) (1024K)]
  0x000001ce57e8d030 WorkerThread "GC Thread#4"                     [id=10820, stack(0x000000cb27300000,0x000000cb27400000) (1024K)]
  0x000001ce57e8d3d0 WorkerThread "GC Thread#5"                     [id=7416, stack(0x000000cb27400000,0x000000cb27500000) (1024K)]
  0x000001ce57e8d770 WorkerThread "GC Thread#6"                     [id=39380, stack(0x000000cb27500000,0x000000cb27600000) (1024K)]
  0x000001ce57e8db10 WorkerThread "GC Thread#7"                     [id=17164, stack(0x000000cb27600000,0x000000cb27700000) (1024K)]
  0x000001ce9ea722e0 WorkerThread "GC Thread#8"                     [id=2276, stack(0x000000cb27700000,0x000000cb27800000) (1024K)]
  0x000001ce9ea71f40 WorkerThread "GC Thread#9"                     [id=20252, stack(0x000000cb27800000,0x000000cb27900000) (1024K)]
  0x000001ce9ea72a20 WorkerThread "GC Thread#10"                    [id=28508, stack(0x000000cb27900000,0x000000cb27a00000) (1024K)]
  0x000001ce9ea70d20 WorkerThread "GC Thread#11"                    [id=2384, stack(0x000000cb27a00000,0x000000cb27b00000) (1024K)]
  0x000001ce3edce100 ConcurrentGCThread "G1 Main Marker"            [id=37736, stack(0x000000cb25100000,0x000000cb25200000) (1024K)]
  0x000001ce3edd0fe0 WorkerThread "G1 Conc#0"                       [id=32544, stack(0x000000cb25200000,0x000000cb25300000) (1024K)]
  0x000001ce57d36410 ConcurrentGCThread "G1 Refine#0"               [id=36252, stack(0x000000cb25300000,0x000000cb25400000) (1024K)]
  0x000001ce57d36c30 ConcurrentGCThread "G1 Service"                [id=15072, stack(0x000000cb25400000,0x000000cb25500000) (1024K)]
Total: 18

Threads with active compile tasks:
C2 CompilerThread0  1585 2495       4       java.lang.invoke.MethodType::methodType (69 bytes)
C2 CompilerThread1  1585 2355       4       java.lang.invoke.MethodType::makeImpl (109 bytes)
Total: 2

VM state: not at safepoint (normal execution)

VM Mutex/Monitor currently owned by a thread: None

Heap address: 0x0000000080000000, size: 2048 MB, Compressed Oops mode: 32-bit

CDS archive(s) mapped at: [0x000001ce58000000-0x000001ce59c20000-0x000001ce59c20000), size 29491200, SharedBaseAddress: 0x000001ce58000000, ArchiveRelocationMode: 1.
Compressed class space mapped at: 0x000001ce5a000000-0x000001ce9a000000, reserved size: 1073741824
Narrow klass base: 0x000001ce58000000, Narrow klass shift: 0, Narrow klass range: 0x100000000

GC Precious Log:
 CardTable entry size: 512
 Card Set container configuration: InlinePtr #cards 5 size 8 Array Of Cards #cards 12 size 40 Howl #buckets 4 coarsen threshold 1843 Howl Bitmap #cards 512 size 80 coarsen threshold 460 Card regions per heap region 1 cards per card region 2048
 CPUs: 16 total, 16 available
 Memory: 15741M
 Large Page Support: Disabled
 NUMA Support: Disabled
 Compressed Oops: Enabled (32-bit)
 Heap Region Size: 1M
 Heap Min Capacity: 128M
 Heap Initial Capacity: 128M
 Heap Max Capacity: 2G
 Pre-touch: Disabled
 Parallel Workers: 13
 Concurrent Workers: 3
 Concurrent Refinement Workers: 13
 Periodic GC: Disabled

Heap:
 garbage-first heap   total 131072K, used 27612K [0x0000000080000000, 0x0000000100000000)
  region size 1024K, 25 young (25600K), 3 survivors (3072K)
 Metaspace       used 10570K, committed 10944K, reserved 1114112K
  class space    used 1268K, committed 1472K, reserved 1048576K

Heap Regions: E=young(eden), S=young(survivor), O=old, HS=humongous(starts), HC=humongous(continues), CS=collection set, F=free, TAMS=top-at-mark-start, PB=parsable bottom
|   0|0x0000000080000000, 0x0000000080100000, 0x0000000080100000|100%|HS|  |TAMS 0x0000000080000000| PB 0x0000000080000000| Complete 
|   1|0x0000000080100000, 0x0000000080200000, 0x0000000080200000|100%|HS|  |TAMS 0x0000000080100000| PB 0x0000000080100000| Complete 
|   2|0x0000000080200000, 0x0000000080300000, 0x0000000080300000|100%| O|  |TAMS 0x0000000080200000| PB 0x0000000080200000| Untracked 
|   3|0x0000000080300000, 0x00000000803f7000, 0x0000000080400000| 96%| O|  |TAMS 0x0000000080300000| PB 0x0000000080300000| Untracked 
|   4|0x0000000080400000, 0x0000000080400000, 0x0000000080500000|  0%| F|  |TAMS 0x0000000080400000| PB 0x0000000080400000| Untracked 
|   5|0x0000000080500000, 0x0000000080500000, 0x0000000080600000|  0%| F|  |TAMS 0x0000000080500000| PB 0x0000000080500000| Untracked 
|   6|0x0000000080600000, 0x0000000080600000, 0x0000000080700000|  0%| F|  |TAMS 0x0000000080600000| PB 0x0000000080600000| Untracked 
|   7|0x0000000080700000, 0x0000000080700000, 0x0000000080800000|  0%| F|  |TAMS 0x0000000080700000| PB 0x0000000080700000| Untracked 
|   8|0x0000000080800000, 0x0000000080800000, 0x0000000080900000|  0%| F|  |TAMS 0x0000000080800000| PB 0x0000000080800000| Untracked 
|   9|0x0000000080900000, 0x0000000080900000, 0x0000000080a00000|  0%| F|  |TAMS 0x0000000080900000| PB 0x0000000080900000| Untracked 
|  10|0x0000000080a00000, 0x0000000080a00000, 0x0000000080b00000|  0%| F|  |TAMS 0x0000000080a00000| PB 0x0000000080a00000| Untracked 
|  11|0x0000000080b00000, 0x0000000080b00000, 0x0000000080c00000|  0%| F|  |TAMS 0x0000000080b00000| PB 0x0000000080b00000| Untracked 
|  12|0x0000000080c00000, 0x0000000080c00000, 0x0000000080d00000|  0%| F|  |TAMS 0x0000000080c00000| PB 0x0000000080c00000| Untracked 
|  13|0x0000000080d00000, 0x0000000080d00000, 0x0000000080e00000|  0%| F|  |TAMS 0x0000000080d00000| PB 0x0000000080d00000| Untracked 
|  14|0x0000000080e00000, 0x0000000080e00000, 0x0000000080f00000|  0%| F|  |TAMS 0x0000000080e00000| PB 0x0000000080e00000| Untracked 
|  15|0x0000000080f00000, 0x0000000080f00000, 0x0000000081000000|  0%| F|  |TAMS 0x0000000080f00000| PB 0x0000000080f00000| Untracked 
|  16|0x0000000081000000, 0x0000000081000000, 0x0000000081100000|  0%| F|  |TAMS 0x0000000081000000| PB 0x0000000081000000| Untracked 
|  17|0x0000000081100000, 0x0000000081100000, 0x0000000081200000|  0%| F|  |TAMS 0x0000000081100000| PB 0x0000000081100000| Untracked 
|  18|0x0000000081200000, 0x0000000081200000, 0x0000000081300000|  0%| F|  |TAMS 0x0000000081200000| PB 0x0000000081200000| Untracked 
|  19|0x0000000081300000, 0x0000000081300000, 0x0000000081400000|  0%| F|  |TAMS 0x0000000081300000| PB 0x0000000081300000| Untracked 
|  20|0x0000000081400000, 0x0000000081400000, 0x0000000081500000|  0%| F|  |TAMS 0x0000000081400000| PB 0x0000000081400000| Untracked 
|  21|0x0000000081500000, 0x0000000081500000, 0x0000000081600000|  0%| F|  |TAMS 0x0000000081500000| PB 0x0000000081500000| Untracked 
|  22|0x0000000081600000, 0x0000000081600000, 0x0000000081700000|  0%| F|  |TAMS 0x0000000081600000| PB 0x0000000081600000| Untracked 
|  23|0x0000000081700000, 0x0000000081700000, 0x0000000081800000|  0%| F|  |TAMS 0x0000000081700000| PB 0x0000000081700000| Untracked 
|  24|0x0000000081800000, 0x0000000081800000, 0x0000000081900000|  0%| F|  |TAMS 0x0000000081800000| PB 0x0000000081800000| Untracked 
|  25|0x0000000081900000, 0x0000000081900000, 0x0000000081a00000|  0%| F|  |TAMS 0x0000000081900000| PB 0x0000000081900000| Untracked 
|  26|0x0000000081a00000, 0x0000000081a00000, 0x0000000081b00000|  0%| F|  |TAMS 0x0000000081a00000| PB 0x0000000081a00000| Untracked 
|  27|0x0000000081b00000, 0x0000000081b00000, 0x0000000081c00000|  0%| F|  |TAMS 0x0000000081b00000| PB 0x0000000081b00000| Untracked 
|  28|0x0000000081c00000, 0x0000000081c00000, 0x0000000081d00000|  0%| F|  |TAMS 0x0000000081c00000| PB 0x0000000081c00000| Untracked 
|  29|0x0000000081d00000, 0x0000000081d00000, 0x0000000081e00000|  0%| F|  |TAMS 0x0000000081d00000| PB 0x0000000081d00000| Untracked 
|  30|0x0000000081e00000, 0x0000000081e00000, 0x0000000081f00000|  0%| F|  |TAMS 0x0000000081e00000| PB 0x0000000081e00000| Untracked 
|  31|0x0000000081f00000, 0x0000000081f00000, 0x0000000082000000|  0%| F|  |TAMS 0x0000000081f00000| PB 0x0000000081f00000| Untracked 
|  32|0x0000000082000000, 0x0000000082000000, 0x0000000082100000|  0%| F|  |TAMS 0x0000000082000000| PB 0x0000000082000000| Untracked 
|  33|0x0000000082100000, 0x0000000082100000, 0x0000000082200000|  0%| F|  |TAMS 0x0000000082100000| PB 0x0000000082100000| Untracked 
|  34|0x0000000082200000, 0x0000000082200000, 0x0000000082300000|  0%| F|  |TAMS 0x0000000082200000| PB 0x0000000082200000| Untracked 
|  35|0x0000000082300000, 0x0000000082300000, 0x0000000082400000|  0%| F|  |TAMS 0x0000000082300000| PB 0x0000000082300000| Untracked 
|  36|0x0000000082400000, 0x0000000082400000, 0x0000000082500000|  0%| F|  |TAMS 0x0000000082400000| PB 0x0000000082400000| Untracked 
|  37|0x0000000082500000, 0x0000000082500000, 0x0000000082600000|  0%| F|  |TAMS 0x0000000082500000| PB 0x0000000082500000| Untracked 
|  38|0x0000000082600000, 0x0000000082600000, 0x0000000082700000|  0%| F|  |TAMS 0x0000000082600000| PB 0x0000000082600000| Untracked 
|  39|0x0000000082700000, 0x0000000082700000, 0x0000000082800000|  0%| F|  |TAMS 0x0000000082700000| PB 0x0000000082700000| Untracked 
|  40|0x0000000082800000, 0x0000000082800000, 0x0000000082900000|  0%| F|  |TAMS 0x0000000082800000| PB 0x0000000082800000| Untracked 
|  41|0x0000000082900000, 0x0000000082900000, 0x0000000082a00000|  0%| F|  |TAMS 0x0000000082900000| PB 0x0000000082900000| Untracked 
|  42|0x0000000082a00000, 0x0000000082a00000, 0x0000000082b00000|  0%| F|  |TAMS 0x0000000082a00000| PB 0x0000000082a00000| Untracked 
|  43|0x0000000082b00000, 0x0000000082b00000, 0x0000000082c00000|  0%| F|  |TAMS 0x0000000082b00000| PB 0x0000000082b00000| Untracked 
|  44|0x0000000082c00000, 0x0000000082c00000, 0x0000000082d00000|  0%| F|  |TAMS 0x0000000082c00000| PB 0x0000000082c00000| Untracked 
|  45|0x0000000082d00000, 0x0000000082d00000, 0x0000000082e00000|  0%| F|  |TAMS 0x0000000082d00000| PB 0x0000000082d00000| Untracked 
|  46|0x0000000082e00000, 0x0000000082e00000, 0x0000000082f00000|  0%| F|  |TAMS 0x0000000082e00000| PB 0x0000000082e00000| Untracked 
|  47|0x0000000082f00000, 0x0000000082f00000, 0x0000000083000000|  0%| F|  |TAMS 0x0000000082f00000| PB 0x0000000082f00000| Untracked 
|  48|0x0000000083000000, 0x0000000083000000, 0x0000000083100000|  0%| F|  |TAMS 0x0000000083000000| PB 0x0000000083000000| Untracked 
|  49|0x0000000083100000, 0x0000000083100000, 0x0000000083200000|  0%| F|  |TAMS 0x0000000083100000| PB 0x0000000083100000| Untracked 
|  50|0x0000000083200000, 0x0000000083200000, 0x0000000083300000|  0%| F|  |TAMS 0x0000000083200000| PB 0x0000000083200000| Untracked 
|  51|0x0000000083300000, 0x0000000083300000, 0x0000000083400000|  0%| F|  |TAMS 0x0000000083300000| PB 0x0000000083300000| Untracked 
|  52|0x0000000083400000, 0x0000000083400000, 0x0000000083500000|  0%| F|  |TAMS 0x0000000083400000| PB 0x0000000083400000| Untracked 
|  53|0x0000000083500000, 0x0000000083500000, 0x0000000083600000|  0%| F|  |TAMS 0x0000000083500000| PB 0x0000000083500000| Untracked 
|  54|0x0000000083600000, 0x0000000083600000, 0x0000000083700000|  0%| F|  |TAMS 0x0000000083600000| PB 0x0000000083600000| Untracked 
|  55|0x0000000083700000, 0x0000000083700000, 0x0000000083800000|  0%| F|  |TAMS 0x0000000083700000| PB 0x0000000083700000| Untracked 
|  56|0x0000000083800000, 0x0000000083800000, 0x0000000083900000|  0%| F|  |TAMS 0x0000000083800000| PB 0x0000000083800000| Untracked 
|  57|0x0000000083900000, 0x0000000083900000, 0x0000000083a00000|  0%| F|  |TAMS 0x0000000083900000| PB 0x0000000083900000| Untracked 
|  58|0x0000000083a00000, 0x0000000083a00000, 0x0000000083b00000|  0%| F|  |TAMS 0x0000000083a00000| PB 0x0000000083a00000| Untracked 
|  59|0x0000000083b00000, 0x0000000083b00000, 0x0000000083c00000|  0%| F|  |TAMS 0x0000000083b00000| PB 0x0000000083b00000| Untracked 
|  60|0x0000000083c00000, 0x0000000083c00000, 0x0000000083d00000|  0%| F|  |TAMS 0x0000000083c00000| PB 0x0000000083c00000| Untracked 
|  61|0x0000000083d00000, 0x0000000083d00000, 0x0000000083e00000|  0%| F|  |TAMS 0x0000000083d00000| PB 0x0000000083d00000| Untracked 
|  62|0x0000000083e00000, 0x0000000083e00000, 0x0000000083f00000|  0%| F|  |TAMS 0x0000000083e00000| PB 0x0000000083e00000| Untracked 
|  63|0x0000000083f00000, 0x0000000083f00000, 0x0000000084000000|  0%| F|  |TAMS 0x0000000083f00000| PB 0x0000000083f00000| Untracked 
|  64|0x0000000084000000, 0x0000000084000000, 0x0000000084100000|  0%| F|  |TAMS 0x0000000084000000| PB 0x0000000084000000| Untracked 
|  65|0x0000000084100000, 0x0000000084100000, 0x0000000084200000|  0%| F|  |TAMS 0x0000000084100000| PB 0x0000000084100000| Untracked 
|  66|0x0000000084200000, 0x0000000084200000, 0x0000000084300000|  0%| F|  |TAMS 0x0000000084200000| PB 0x0000000084200000| Untracked 
|  67|0x0000000084300000, 0x0000000084300000, 0x0000000084400000|  0%| F|  |TAMS 0x0000000084300000| PB 0x0000000084300000| Untracked 
|  68|0x0000000084400000, 0x0000000084400000, 0x0000000084500000|  0%| F|  |TAMS 0x0000000084400000| PB 0x0000000084400000| Untracked 
|  69|0x0000000084500000, 0x0000000084500000, 0x0000000084600000|  0%| F|  |TAMS 0x0000000084500000| PB 0x0000000084500000| Untracked 
|  70|0x0000000084600000, 0x0000000084600000, 0x0000000084700000|  0%| F|  |TAMS 0x0000000084600000| PB 0x0000000084600000| Untracked 
|  71|0x0000000084700000, 0x0000000084700000, 0x0000000084800000|  0%| F|  |TAMS 0x0000000084700000| PB 0x0000000084700000| Untracked 
|  72|0x0000000084800000, 0x0000000084800000, 0x0000000084900000|  0%| F|  |TAMS 0x0000000084800000| PB 0x0000000084800000| Untracked 
|  73|0x0000000084900000, 0x0000000084900000, 0x0000000084a00000|  0%| F|  |TAMS 0x0000000084900000| PB 0x0000000084900000| Untracked 
|  74|0x0000000084a00000, 0x0000000084a00000, 0x0000000084b00000|  0%| F|  |TAMS 0x0000000084a00000| PB 0x0000000084a00000| Untracked 
|  75|0x0000000084b00000, 0x0000000084b00000, 0x0000000084c00000|  0%| F|  |TAMS 0x0000000084b00000| PB 0x0000000084b00000| Untracked 
|  76|0x0000000084c00000, 0x0000000084c00000, 0x0000000084d00000|  0%| F|  |TAMS 0x0000000084c00000| PB 0x0000000084c00000| Untracked 
|  77|0x0000000084d00000, 0x0000000084d00000, 0x0000000084e00000|  0%| F|  |TAMS 0x0000000084d00000| PB 0x0000000084d00000| Untracked 
|  78|0x0000000084e00000, 0x0000000084e00000, 0x0000000084f00000|  0%| F|  |TAMS 0x0000000084e00000| PB 0x0000000084e00000| Untracked 
|  79|0x0000000084f00000, 0x0000000084f00000, 0x0000000085000000|  0%| F|  |TAMS 0x0000000084f00000| PB 0x0000000084f00000| Untracked 
|  80|0x0000000085000000, 0x0000000085000000, 0x0000000085100000|  0%| F|  |TAMS 0x0000000085000000| PB 0x0000000085000000| Untracked 
|  81|0x0000000085100000, 0x0000000085100000, 0x0000000085200000|  0%| F|  |TAMS 0x0000000085100000| PB 0x0000000085100000| Untracked 
|  82|0x0000000085200000, 0x0000000085200000, 0x0000000085300000|  0%| F|  |TAMS 0x0000000085200000| PB 0x0000000085200000| Untracked 
|  83|0x0000000085300000, 0x0000000085300000, 0x0000000085400000|  0%| F|  |TAMS 0x0000000085300000| PB 0x0000000085300000| Untracked 
|  84|0x0000000085400000, 0x0000000085400000, 0x0000000085500000|  0%| F|  |TAMS 0x0000000085400000| PB 0x0000000085400000| Untracked 
|  85|0x0000000085500000, 0x0000000085500000, 0x0000000085600000|  0%| F|  |TAMS 0x0000000085500000| PB 0x0000000085500000| Untracked 
|  86|0x0000000085600000, 0x0000000085600000, 0x0000000085700000|  0%| F|  |TAMS 0x0000000085600000| PB 0x0000000085600000| Untracked 
|  87|0x0000000085700000, 0x0000000085700000, 0x0000000085800000|  0%| F|  |TAMS 0x0000000085700000| PB 0x0000000085700000| Untracked 
|  88|0x0000000085800000, 0x0000000085800000, 0x0000000085900000|  0%| F|  |TAMS 0x0000000085800000| PB 0x0000000085800000| Untracked 
|  89|0x0000000085900000, 0x0000000085900000, 0x0000000085a00000|  0%| F|  |TAMS 0x0000000085900000| PB 0x0000000085900000| Untracked 
|  90|0x0000000085a00000, 0x0000000085a00000, 0x0000000085b00000|  0%| F|  |TAMS 0x0000000085a00000| PB 0x0000000085a00000| Untracked 
|  91|0x0000000085b00000, 0x0000000085b00000, 0x0000000085c00000|  0%| F|  |TAMS 0x0000000085b00000| PB 0x0000000085b00000| Untracked 
|  92|0x0000000085c00000, 0x0000000085c00000, 0x0000000085d00000|  0%| F|  |TAMS 0x0000000085c00000| PB 0x0000000085c00000| Untracked 
|  93|0x0000000085d00000, 0x0000000085d00000, 0x0000000085e00000|  0%| F|  |TAMS 0x0000000085d00000| PB 0x0000000085d00000| Untracked 
|  94|0x0000000085e00000, 0x0000000085e00000, 0x0000000085f00000|  0%| F|  |TAMS 0x0000000085e00000| PB 0x0000000085e00000| Untracked 
|  95|0x0000000085f00000, 0x0000000085f00000, 0x0000000086000000|  0%| F|  |TAMS 0x0000000085f00000| PB 0x0000000085f00000| Untracked 
|  96|0x0000000086000000, 0x0000000086000000, 0x0000000086100000|  0%| F|  |TAMS 0x0000000086000000| PB 0x0000000086000000| Untracked 
|  97|0x0000000086100000, 0x0000000086100000, 0x0000000086200000|  0%| F|  |TAMS 0x0000000086100000| PB 0x0000000086100000| Untracked 
|  98|0x0000000086200000, 0x0000000086200000, 0x0000000086300000|  0%| F|  |TAMS 0x0000000086200000| PB 0x0000000086200000| Untracked 
|  99|0x0000000086300000, 0x0000000086300000, 0x0000000086400000|  0%| F|  |TAMS 0x0000000086300000| PB 0x0000000086300000| Untracked 
| 100|0x0000000086400000, 0x0000000086400000, 0x0000000086500000|  0%| F|  |TAMS 0x0000000086400000| PB 0x0000000086400000| Untracked 
| 101|0x0000000086500000, 0x0000000086500000, 0x0000000086600000|  0%| F|  |TAMS 0x0000000086500000| PB 0x0000000086500000| Untracked 
| 102|0x0000000086600000, 0x0000000086700000, 0x0000000086700000|100%| S|CS|TAMS 0x0000000086600000| PB 0x0000000086600000| Complete 
| 103|0x0000000086700000, 0x0000000086800000, 0x0000000086800000|100%| S|CS|TAMS 0x0000000086700000| PB 0x0000000086700000| Complete 
| 104|0x0000000086800000, 0x0000000086900000, 0x0000000086900000|100%| S|CS|TAMS 0x0000000086800000| PB 0x0000000086800000| Complete 
| 105|0x0000000086900000, 0x0000000086900000, 0x0000000086a00000|  0%| F|  |TAMS 0x0000000086900000| PB 0x0000000086900000| Untracked 
| 106|0x0000000086a00000, 0x0000000086b00000, 0x0000000086b00000|100%| E|  |TAMS 0x0000000086a00000| PB 0x0000000086a00000| Complete 
| 107|0x0000000086b00000, 0x0000000086c00000, 0x0000000086c00000|100%| E|CS|TAMS 0x0000000086b00000| PB 0x0000000086b00000| Complete 
| 108|0x0000000086c00000, 0x0000000086d00000, 0x0000000086d00000|100%| E|CS|TAMS 0x0000000086c00000| PB 0x0000000086c00000| Complete 
| 109|0x0000000086d00000, 0x0000000086e00000, 0x0000000086e00000|100%| E|CS|TAMS 0x0000000086d00000| PB 0x0000000086d00000| Complete 
| 110|0x0000000086e00000, 0x0000000086f00000, 0x0000000086f00000|100%| E|  |TAMS 0x0000000086e00000| PB 0x0000000086e00000| Complete 
| 111|0x0000000086f00000, 0x0000000087000000, 0x0000000087000000|100%| E|CS|TAMS 0x0000000086f00000| PB 0x0000000086f00000| Complete 
| 112|0x0000000087000000, 0x0000000087100000, 0x0000000087100000|100%| E|CS|TAMS 0x0000000087000000| PB 0x0000000087000000| Complete 
| 113|0x0000000087100000, 0x0000000087200000, 0x0000000087200000|100%| E|CS|TAMS 0x0000000087100000| PB 0x0000000087100000| Complete 
| 114|0x0000000087200000, 0x0000000087300000, 0x0000000087300000|100%| E|CS|TAMS 0x0000000087200000| PB 0x0000000087200000| Complete 
| 115|0x0000000087300000, 0x0000000087400000, 0x0000000087400000|100%| E|CS|TAMS 0x0000000087300000| PB 0x0000000087300000| Complete 
| 116|0x0000000087400000, 0x0000000087500000, 0x0000000087500000|100%| E|CS|TAMS 0x0000000087400000| PB 0x0000000087400000| Complete 
| 117|0x0000000087500000, 0x0000000087600000, 0x0000000087600000|100%| E|CS|TAMS 0x0000000087500000| PB 0x0000000087500000| Complete 
| 118|0x0000000087600000, 0x0000000087700000, 0x0000000087700000|100%| E|CS|TAMS 0x0000000087600000| PB 0x0000000087600000| Complete 
| 119|0x0000000087700000, 0x0000000087800000, 0x0000000087800000|100%| E|CS|TAMS 0x0000000087700000| PB 0x0000000087700000| Complete 
| 120|0x0000000087800000, 0x0000000087900000, 0x0000000087900000|100%| E|CS|TAMS 0x0000000087800000| PB 0x0000000087800000| Complete 
| 121|0x0000000087900000, 0x0000000087a00000, 0x0000000087a00000|100%| E|CS|TAMS 0x0000000087900000| PB 0x0000000087900000| Complete 
| 122|0x0000000087a00000, 0x0000000087b00000, 0x0000000087b00000|100%| E|CS|TAMS 0x0000000087a00000| PB 0x0000000087a00000| Complete 
| 123|0x0000000087b00000, 0x0000000087c00000, 0x0000000087c00000|100%| E|CS|TAMS 0x0000000087b00000| PB 0x0000000087b00000| Complete 
| 124|0x0000000087c00000, 0x0000000087d00000, 0x0000000087d00000|100%| E|CS|TAMS 0x0000000087c00000| PB 0x0000000087c00000| Complete 
| 125|0x0000000087d00000, 0x0000000087e00000, 0x0000000087e00000|100%| E|CS|TAMS 0x0000000087d00000| PB 0x0000000087d00000| Complete 
| 126|0x0000000087e00000, 0x0000000087f00000, 0x0000000087f00000|100%| E|CS|TAMS 0x0000000087e00000| PB 0x0000000087e00000| Complete 
| 127|0x0000000087f00000, 0x0000000088000000, 0x0000000088000000|100%| E|CS|TAMS 0x0000000087f00000| PB 0x0000000087f00000| Complete 

Card table byte_map: [0x000001ce52a30000,0x000001ce52e30000] _byte_map_base: 0x000001ce52630000

Marking Bits: (CMBitMap*) 0x000001ce3edbc810
 Bits: [0x000001ce52e30000, 0x000001ce54e30000)

Polling page: 0x000001ce3cf30000

Metaspace:

Usage:
  Non-class:      9.08 MB used.
      Class:      1.24 MB used.
       Both:     10.32 MB used.

Virtual space:
  Non-class space:       64.00 MB reserved,       9.25 MB ( 14%) committed,  1 nodes.
      Class space:        1.00 GB reserved,       1.44 MB ( <1%) committed,  1 nodes.
             Both:        1.06 GB reserved,      10.69 MB ( <1%) committed. 

Chunk freelists:
   Non-Class:  5.64 MB
       Class:  14.41 MB
        Both:  20.04 MB

MaxMetaspaceSize: unlimited
CompressedClassSpaceSize: 1.00 GB
Initial GC threshold: 21.00 MB
Current GC threshold: 21.00 MB
CDS: on
 - commit_granule_bytes: 65536.
 - commit_granule_words: 8192.
 - virtual_space_node_default_size: 8388608.
 - enlarge_chunks_in_place: 1.
 - use_allocation_guard: 0.


Internal statistics:

num_allocs_failed_limit: 0.
num_arena_births: 474.
num_arena_deaths: 0.
num_vsnodes_births: 2.
num_vsnodes_deaths: 0.
num_space_committed: 171.
num_space_uncommitted: 0.
num_chunks_returned_to_freelist: 0.
num_chunks_taken_from_freelist: 901.
num_chunk_merges: 0.
num_chunk_splits: 568.
num_chunks_enlarged: 276.
num_inconsistent_stats: 0.

CodeHeap 'non-profiled nmethods': size=119168Kb used=907Kb max_used=907Kb free=118260Kb
 bounds [0x000001ce4a950000, 0x000001ce4abc0000, 0x000001ce51db0000]
CodeHeap 'profiled nmethods': size=119104Kb used=4946Kb max_used=4946Kb free=114157Kb
 bounds [0x000001ce42db0000, 0x000001ce43290000, 0x000001ce4a200000]
CodeHeap 'non-nmethods': size=7488Kb used=3118Kb max_used=3155Kb free=4370Kb
 bounds [0x000001ce4a200000, 0x000001ce4a520000, 0x000001ce4a950000]
CodeCache: size=245760Kb, used=8971Kb, max_used=9008Kb, free=236787Kb
 total_blobs=3131, nmethods=2544, adapters=488, full_count=0
Compilation: enabled, stopped_count=0, restarted_count=0

Compilation events (20 events):
Event: 1.498 Thread 0x000001ce9e031f80 nmethod 2533 0x000001ce43280990 code [0x000001ce43280b40, 0x000001ce43280cd0]
Event: 1.498 Thread 0x000001ce9e12b520 nmethod 2536 0x000001ce4aa30f10 code [0x000001ce4aa310a0, 0x000001ce4aa31168]
Event: 1.498 Thread 0x000001ce9e12b520 2538       3       java.io.ObjectInputStream$HandleTable::lookupException (29 bytes)
Event: 1.498 Thread 0x000001ce9e031f80 2537       1       jdk.internal.event.DeserializationEvent::shouldCommit (2 bytes)
Event: 1.498 Thread 0x000001ce9e031f80 nmethod 2537 0x000001ce4aa31210 code [0x000001ce4aa313a0, 0x000001ce4aa31468]
Event: 1.498 Thread 0x000001ce9e031f80 2539       3       java.io.ObjectStreamClass::getSuperDesc (9 bytes)
Event: 1.498 Thread 0x000001ce9e12b520 nmethod 2538 0x000001ce43280d90 code [0x000001ce43280f60, 0x000001ce43281258]
Event: 1.498 Thread 0x000001ce9e031f80 nmethod 2539 0x000001ce43281390 code [0x000001ce43281540, 0x000001ce432817a8]
Event: 1.498 Thread 0x000001ce9e12d060 nmethod 2535 0x000001ce43281890 code [0x000001ce43281b00, 0x000001ce432825b8]
Event: 1.498 Thread 0x000001ce9e12c2c0 nmethod 2534 0x000001ce43282990 code [0x000001ce43282c40, 0x000001ce432838e0]
Event: 1.500 Thread 0x000001ce9e12b520 2540       3       java.util.Set::of (10 bytes)
Event: 1.500 Thread 0x000001ce9e12b520 nmethod 2540 0x000001ce43283d90 code [0x000001ce43283f40, 0x000001ce432840d0]
Event: 1.500 Thread 0x000001ce9e12d060 2541       3       java.lang.invoke.MethodType::methodType (44 bytes)
Event: 1.501 Thread 0x000001ce9e12d060 nmethod 2541 0x000001ce43284190 code [0x000001ce43284380, 0x000001ce43284828]
Event: 1.503 Thread 0x000001ce9e12de00 2543 %     4       com.sun.crypto.provider.GHASH::blockMult @ 121 (245 bytes)
Event: 1.503 Thread 0x000001ce9e12b520 2544       1       java.nio.DirectByteBuffer::isReadOnly (2 bytes)
Event: 1.503 Thread 0x000001ce9e12b520 nmethod 2544 0x000001ce4aa31e10 code [0x000001ce4aa31fa0, 0x000001ce4aa32068]
Event: 1.507 Thread 0x000001ce9e12de00 nmethod 2543% 0x000001ce4aa32110 code [0x000001ce4aa322a0, 0x000001ce4aa326e0]
Event: 1.510 Thread 0x000001ce9e12d730 2546   !   4       java.lang.ref.NativeReferenceQueue::poll (28 bytes)
Event: 1.511 Thread 0x000001ce9e12d730 nmethod 2546 0x000001ce4aa32890 code [0x000001ce4aa32a20, 0x000001ce4aa32d10]

GC Heap History (2 events):
Event: 0.711 GC heap before
{Heap before GC invocations=0 (full 0):
 garbage-first heap   total 131072K, used 24576K [0x0000000080000000, 0x0000000100000000)
  region size 1024K, 23 young (23552K), 0 survivors (0K)
 Metaspace       used 4896K, committed 5184K, reserved 1114112K
  class space    used 679K, committed 832K, reserved 1048576K
}
Event: 0.717 GC heap after
{Heap after GC invocations=1 (full 0):
 garbage-first heap   total 131072K, used 7132K [0x0000000080000000, 0x0000000100000000)
  region size 1024K, 3 young (3072K), 3 survivors (3072K)
 Metaspace       used 4896K, committed 5184K, reserved 1114112K
  class space    used 679K, committed 832K, reserved 1048576K
}

Dll operation events (2 events):
Event: 0.010 Loaded shared library C:\Users\Admin\AppData\Local\Programs\IntelliJ IDEA Ultimate 2025.3.1\jbr\bin\java.dll
Event: 0.118 Loaded shared library C:\Users\Admin\AppData\Local\Programs\IntelliJ IDEA Ultimate 2025.3.1\jbr\bin\zip.dll

Deoptimization events (20 events):
Event: 1.171 Thread 0x000001ce9e9605d0 DEOPT PACKING pc=0x000001ce4aa00858 sp=0x000000cb26cfe450
Event: 1.171 Thread 0x000001ce9e9605d0 DEOPT UNPACKING pc=0x000001ce4a254422 sp=0x000000cb26cfe3e8 mode 2
Event: 1.239 Thread 0x000001ce9e9605d0 Uncommon trap: trap_request=0xffffff45 fr.pc=0x000001ce4aa0b568 relative=0x0000000000000328
Event: 1.239 Thread 0x000001ce9e9605d0 Uncommon trap: reason=unstable_if action=reinterpret pc=0x000001ce4aa0b568 method=java.util.regex.Matcher.search(I)Z @ 76 c2
Event: 1.239 Thread 0x000001ce9e9605d0 DEOPT PACKING pc=0x000001ce4aa0b568 sp=0x000000cb26cfe4d0
Event: 1.239 Thread 0x000001ce9e9605d0 DEOPT UNPACKING pc=0x000001ce4a254422 sp=0x000000cb26cfe470 mode 2
Event: 1.239 Thread 0x000001ce9e9605d0 Uncommon trap: trap_request=0xffffff76 fr.pc=0x000001ce4aa0a8c0 relative=0x0000000000000280
Event: 1.239 Thread 0x000001ce9e9605d0 Uncommon trap: reason=predicate action=maybe_recompile pc=0x000001ce4aa0a8c0 method=java.util.regex.Pattern$BmpCharPropertyGreedy.match(Ljava/util/regex/Matcher;ILjava/lang/CharSequence;)Z @ 12 c2
Event: 1.239 Thread 0x000001ce9e9605d0 DEOPT PACKING pc=0x000001ce4aa0a8c0 sp=0x000000cb26cfe380
Event: 1.239 Thread 0x000001ce9e9605d0 DEOPT UNPACKING pc=0x000001ce4a254422 sp=0x000000cb26cfe308 mode 2
Event: 1.256 Thread 0x000001ce9e9605d0 DEOPT PACKING pc=0x000001ce42f28cfd sp=0x000000cb26cfdff0
Event: 1.256 Thread 0x000001ce9e9605d0 DEOPT UNPACKING pc=0x000001ce4a254bc2 sp=0x000000cb26cfd488 mode 0
Event: 1.307 Thread 0x000001ce9e9605d0 Uncommon trap: trap_request=0xffffff45 fr.pc=0x000001ce4a9b8d9c relative=0x0000000000000c9c
Event: 1.307 Thread 0x000001ce9e9605d0 Uncommon trap: reason=unstable_if action=reinterpret pc=0x000001ce4a9b8d9c method=jdk.internal.org.objectweb.asm.Frame.execute(IILjdk/internal/org/objectweb/asm/Symbol;Ljdk/internal/org/objectweb/asm/SymbolTable;)V @ 1 c2
Event: 1.307 Thread 0x000001ce9e9605d0 DEOPT PACKING pc=0x000001ce4a9b8d9c sp=0x000000cb26cfdee0
Event: 1.307 Thread 0x000001ce9e9605d0 DEOPT UNPACKING pc=0x000001ce4a254422 sp=0x000000cb26cfde48 mode 2
Event: 1.367 Thread 0x000001ce9e9605d0 DEOPT PACKING pc=0x000001ce42fba343 sp=0x000000cb26cfe480
Event: 1.367 Thread 0x000001ce9e9605d0 DEOPT UNPACKING pc=0x000001ce4a254bc2 sp=0x000000cb26cfd8f8 mode 0
Event: 1.457 Thread 0x000001ce9e9605d0 DEOPT PACKING pc=0x000001ce4318d68f sp=0x000000cb26cfd720
Event: 1.457 Thread 0x000001ce9e9605d0 DEOPT UNPACKING pc=0x000001ce4a254bc2 sp=0x000000cb26cfcc08 mode 0

Classes loaded (20 events):
Event: 1.070 Loading class sun/security/ssl/CertificateRequest$T13CertificateRequestMessage
Event: 1.090 Loading class sun/security/ssl/CertificateRequest$T13CertificateRequestMessage done
Event: 1.096 Loading class jdk/internal/event/X509CertificateEvent
Event: 1.097 Loading class jdk/internal/event/X509CertificateEvent done
Event: 1.106 Loading class sun/security/ssl/X509Authentication$X509Possession
Event: 1.106 Loading class sun/security/ssl/X509Authentication$X509Possession done
Event: 1.109 Loading class jdk/internal/event/TLSHandshakeEvent
Event: 1.109 Loading class jdk/internal/event/TLSHandshakeEvent done
Event: 1.112 Loading class java/security/DigestException
Event: 1.113 Loading class java/security/DigestException done
Event: 1.115 Loading class javax/security/sasl/SaslException
Event: 1.115 Loading class javax/security/sasl/SaslException done
Event: 1.115 Loading class javax/security/auth/callback/UnsupportedCallbackException
Event: 1.115 Loading class javax/security/auth/callback/UnsupportedCallbackException done
Event: 1.116 Loading class javax/security/auth/login/Configuration
Event: 1.116 Loading class javax/security/auth/login/Configuration done
Event: 1.117 Loading class javax/security/auth/callback/Callback
Event: 1.117 Loading class javax/security/auth/callback/Callback done
Event: 1.360 Loading class java/lang/invoke/BoundMethodHandle$Species_LI
Event: 1.360 Loading class java/lang/invoke/BoundMethodHandle$Species_LI done

Classes unloaded (0 events):
No events

Classes redefined (0 events):
No events

Internal exceptions (20 events):
Event: 0.605 Thread 0x000001ce9e9605d0 Exception <a 'java/lang/NoSuchMethodError'{0x0000000086cf2c30}: static [Ljava/rmi/server/ObjID;.<clinit>()V> (0x0000000086cf2c30) 
thrown [s\src\hotspot\share\prims\jni.cpp, line 1144]
Event: 0.607 Thread 0x000001ce9e962010 Exception <a 'java/lang/NoSuchMethodError'{0x0000000086c77378}: 'java.lang.Object java.lang.invoke.DirectMethodHandle$Holder.invokeSpecial(java.lang.Object, java.lang.Object, int, java.lang.Object, long)'> (0x0000000086c77378) 
thrown [s\src\hotspot\share\interpreter\linkResolver.cpp, line 784]
Event: 0.608 Thread 0x000001ce9e962010 Exception <a 'java/lang/NoSuchMethodError'{0x0000000086c7e130}: 'java.lang.Object java.lang.invoke.DirectMethodHandle$Holder.newInvokeSpecial(java.lang.Object, java.lang.Object, int, java.lang.Object, long)'> (0x0000000086c7e130) 
thrown [s\src\hotspot\share\interpreter\linkResolver.cpp, line 784]
Event: 0.610 Thread 0x000001ce9e9605d0 Exception <a 'java/lang/NoSuchMethodError'{0x0000000086b13e20}: 'void java.lang.invoke.Invokers$Holder.linkToTargetMethod(java.lang.Object, java.lang.Object)'> (0x0000000086b13e20) 
thrown [s\src\hotspot\share\interpreter\linkResolver.cpp, line 784]
Event: 0.612 Thread 0x000001ce9e9605d0 Exception <a 'java/lang/NoSuchMethodError'{0x0000000086b18c78}: 'void java.lang.invoke.DirectMethodHandle$Holder.invokeInterface(java.lang.Object, java.lang.Object)'> (0x0000000086b18c78) 
thrown [s\src\hotspot\share\interpreter\linkResolver.cpp, line 784]
Event: 0.660 Thread 0x000001ce9e9605d0 Exception <a 'java/lang/NoSuchMethodError'{0x0000000086a1f270}: 'java.lang.Object java.lang.invoke.DirectMethodHandle$Holder.invokeInterface(java.lang.Object, java.lang.Object, java.lang.Object, java.lang.Object, java.lang.Object)'> (0x0000000086a1f270) 
thrown [s\src\hotspot\share\interpreter\linkResolver.cpp, line 784]
Event: 0.661 Thread 0x000001ce9e9605d0 Exception <a 'java/lang/NoSuchMethodError'{0x0000000086a32628}: 'java.lang.Object java.lang.invoke.Invokers$Holder.invokeExact_MT(java.lang.Object, java.lang.Object, java.lang.Object, java.lang.Object, java.lang.Object, java.lang.Object)'> (0x0000000086a32628) 
thrown [s\src\hotspot\share\interpreter\linkResolver.cpp, line 784]
Event: 0.770 Thread 0x000001ce9e9605d0 Exception <a 'java/lang/NoSuchMethodError'{0x0000000087d683d0}: 'java.lang.Object java.lang.invoke.DirectMethodHandle$Holder.invokeVirtual(java.lang.Object, java.lang.Object, java.lang.Object)'> (0x0000000087d683d0) 
thrown [s\src\hotspot\share\interpreter\linkResolver.cpp, line 784]
Event: 0.922 Thread 0x000001ce9e9605d0 Exception <a 'sun/nio/fs/WindowsException'{0x00000000876a0170}> (0x00000000876a0170) 
thrown [s\src\hotspot\share\prims\jni.cpp, line 537]
Event: 1.140 Thread 0x000001ce9e9605d0 Exception <a 'java/lang/NoSuchMethodError'{0x000000008718f5f0}: 'void java.lang.invoke.DirectMethodHandle$Holder.invokeStatic(java.lang.Object, java.lang.Object, java.lang.Object, java.lang.Object)'> (0x000000008718f5f0) 
thrown [s\src\hotspot\share\interpreter\linkResolver.cpp, line 784]
Event: 1.160 Thread 0x000001ce9e9605d0 Exception <a 'java/lang/NoSuchMethodError'{0x00000000871f92c0}: 'void java.lang.invoke.DirectMethodHandle$Holder.invokeInterface(java.lang.Object, java.lang.Object, java.lang.Object, java.lang.Object)'> (0x00000000871f92c0) 
thrown [s\src\hotspot\share\interpreter\linkResolver.cpp, line 784]
Event: 1.220 Thread 0x000001ce9e9605d0 Exception <a 'java/lang/NoSuchMethodError'{0x0000000086feae60}: 'java.lang.Object java.lang.invoke.DirectMethodHandle$Holder.newInvokeSpecial(java.lang.Object, java.lang.Object, int)'> (0x0000000086feae60) 
thrown [s\src\hotspot\share\interpreter\linkResolver.cpp, line 784]
Event: 1.270 Thread 0x000001ce9e9605d0 Exception <a 'java/lang/NoSuchMethodError'{0x0000000086ebd250}: 'void java.lang.invoke.DirectMethodHandle$Holder.invokeSpecial(java.lang.Object, java.lang.Object, java.lang.Object, java.lang.Object, java.lang.Object)'> (0x0000000086ebd250) 
thrown [s\src\hotspot\share\interpreter\linkResolver.cpp, line 784]
Event: 1.271 Thread 0x000001ce9e9605d0 Exception <a 'java/lang/NoSuchMethodError'{0x0000000086ecb438}: 'java.lang.Object java.lang.invoke.Invokers$Holder.invokeExact_MT(java.lang.Object, java.lang.Object, java.lang.Object, java.lang.Object, java.lang.Object)'> (0x0000000086ecb438) 
thrown [s\src\hotspot\share\interpreter\linkResolver.cpp, line 784]
Event: 1.359 Thread 0x000001ce9e9605d0 Exception <a 'java/lang/NoSuchMethodError'{0x0000000086c66ee0}: 'int java.lang.invoke.DirectMethodHandle$Holder.invokeInterface(java.lang.Object, java.lang.Object, int)'> (0x0000000086c66ee0) 
thrown [s\src\hotspot\share\interpreter\linkResolver.cpp, line 784]
Event: 1.360 Thread 0x000001ce9e9605d0 Exception <a 'java/lang/NoSuchMethodError'{0x0000000086c6af90}: 'int java.lang.invoke.DirectMethodHandle$Holder.invokeSpecial(java.lang.Object, java.lang.Object, java.lang.Object, int)'> (0x0000000086c6af90) 
thrown [s\src\hotspot\share\interpreter\linkResolver.cpp, line 784]
Event: 1.361 Thread 0x000001ce9e9605d0 Exception <a 'java/lang/NoSuchMethodError'{0x0000000086c7d488}: 'java.lang.Object java.lang.invoke.DirectMethodHandle$Holder.invokeStatic(java.lang.Object, java.lang.Object, java.lang.Object, java.lang.Object, int)'> (0x0000000086c7d488) 
thrown [s\src\hotspot\share\interpreter\linkResolver.cpp, line 784]
Event: 1.375 Thread 0x000001ce9e9605d0 Exception <a 'java/lang/NoSuchMethodError'{0x0000000086cb0268}: 'void java.lang.invoke.DirectMethodHandle$Holder.invokeInterface(java.lang.Object, java.lang.Object, int)'> (0x0000000086cb0268) 
thrown [s\src\hotspot\share\interpreter\linkResolver.cpp, line 784]
Event: 1.376 Thread 0x000001ce9e9605d0 Exception <a 'java/lang/NoSuchMethodError'{0x0000000086cb40f0}: 'void java.lang.invoke.DelegatingMethodHandle$Holder.reinvoke_L(java.lang.Object, java.lang.Object, int)'> (0x0000000086cb40f0) 
thrown [s\src\hotspot\share\interpreter\linkResolver.cpp, line 784]
Event: 1.467 Thread 0x000001ce9e9605d0 Exception <a 'java/lang/NoSuchMethodError'{0x0000000086aac4f0}: 'java.lang.Object java.lang.invoke.DirectMethodHandle$Holder.invokeInterface(java.lang.Object, java.lang.Object, int)'> (0x0000000086aac4f0) 
thrown [s\src\hotspot\share\interpreter\linkResolver.cpp, line 784]

ZGC Phase Switch (0 events):
No events

VM Operations (20 events):
Event: 0.667 Executing VM operation: HandshakeAllThreads (Deoptimize)
Event: 0.667 Executing VM operation: HandshakeAllThreads (Deoptimize) done
Event: 0.711 Executing VM operation: G1CollectForAllocation (G1 Evacuation Pause)
Event: 0.717 Executing VM operation: G1CollectForAllocation (G1 Evacuation Pause) done
Event: 0.740 Executing VM operation: HandshakeAllThreads (Deoptimize)
Event: 0.740 Executing VM operation: HandshakeAllThreads (Deoptimize) done
Event: 0.764 Executing VM operation: HandshakeAllThreads (Deoptimize)
Event: 0.764 Executing VM operation: HandshakeAllThreads (Deoptimize) done
Event: 0.908 Executing VM operation: HandshakeAllThreads (Deoptimize)
Event: 0.908 Executing VM operation: HandshakeAllThreads (Deoptimize) done
Event: 0.909 Executing VM operation: HandshakeAllThreads (Deoptimize)
Event: 0.909 Executing VM operation: HandshakeAllThreads (Deoptimize) done
Event: 0.923 Executing VM operation: HandshakeAllThreads (Deoptimize)
Event: 0.923 Executing VM operation: HandshakeAllThreads (Deoptimize) done
Event: 0.926 Executing VM operation: HandshakeAllThreads (Deoptimize)
Event: 0.926 Executing VM operation: HandshakeAllThreads (Deoptimize) done
Event: 1.094 Executing VM operation: HandshakeAllThreads (Deoptimize)
Event: 1.094 Executing VM operation: HandshakeAllThreads (Deoptimize) done
Event: 1.096 Executing VM operation: ICBufferFull
Event: 1.096 Executing VM operation: ICBufferFull done

Memory protections (0 events):
No events

Nmethod flushes (0 events):
No events

Events (20 events):
Event: 0.152 Loaded shared library C:\Users\Admin\AppData\Local\Programs\IntelliJ IDEA Ultimate 2025.3.1\jbr\bin\jimage.dll
Event: 0.424 Thread 0x000001ce9e031f80 Thread added: 0x000001ce9e12b520
Event: 0.425 Thread 0x000001ce9e12c2c0 Thread added: 0x000001ce9e12d060
Event: 0.502 Loaded shared library C:\Users\Admin\AppData\Local\Programs\IntelliJ IDEA Ultimate 2025.3.1\jbr\bin\extnet.dll
Event: 0.508 Thread 0x000001ce3c9897f0 Thread added: 0x000001ce57eb72a0
Event: 0.517 Thread 0x000001ce3c9897f0 Thread added: 0x000001ce57eba090
Event: 0.518 Thread 0x000001ce3c9897f0 Thread added: 0x000001ce57eb8650
Event: 0.520 Loaded shared library C:\Users\Admin\AppData\Local\Programs\IntelliJ IDEA Ultimate 2025.3.1\jbr\bin\rmi.dll
Event: 0.520 Thread 0x000001ce3c9897f0 Thread added: 0x000001ce57eb9a00
Event: 0.547 Thread 0x000001ce57eb72a0 Thread added: 0x000001ce57eb9370
Event: 0.547 Thread 0x000001ce57eb72a0 Thread added: 0x000001ce57eb7930
Event: 0.576 Thread 0x000001ce57eb7930 Thread added: 0x000001ce9e961980
Event: 0.576 Thread 0x000001ce57eba090 Thread added: 0x000001ce9e9605d0
Event: 0.577 Thread 0x000001ce57eba090 Thread added: 0x000001ce9e9612f0
Event: 0.599 Thread 0x000001ce9e9605d0 Thread added: 0x000001ce9e962010
Event: 0.625 Thread 0x000001ce9e9605d0 Thread added: 0x000001ce9e9626a0
Event: 0.960 Loaded shared library C:\Users\Admin\AppData\Local\Programs\IntelliJ IDEA Ultimate 2025.3.1\jbr\bin\sunmscapi.dll
Event: 1.006 Thread 0x000001ce9e12b520 Thread added: 0x000001ce9e12d730
Event: 1.008 Thread 0x000001ce9e12d060 Thread added: 0x000001ce9e12de00
Event: 1.011 Thread 0x000001ce9e12c2c0 Thread added: 0x000001ce9e12e4d0


Dynamic libraries:
0x00007ff6be1b0000 - 0x00007ff6be1ba000 	C:\Users\Admin\AppData\Local\Programs\IntelliJ IDEA Ultimate 2025.3.1\jbr\bin\java.exe
0x00007ffe532a0000 - 0x00007ffe53507000 	C:\WINDOWS\SYSTEM32\ntdll.dll
0x00007ffe51870000 - 0x00007ffe51939000 	C:\WINDOWS\System32\KERNEL32.DLL
0x00007ffe507e0000 - 0x00007ffe50bcf000 	C:\WINDOWS\System32\KERNELBASE.dll
0x00007ffe50690000 - 0x00007ffe507db000 	C:\WINDOWS\System32\ucrtbase.dll
0x00007ffe24d80000 - 0x00007ffe24d9b000 	C:\Users\Admin\AppData\Local\Programs\IntelliJ IDEA Ultimate 2025.3.1\jbr\bin\VCRUNTIME140.dll
0x00007ffe24ea0000 - 0x00007ffe24eb8000 	C:\Users\Admin\AppData\Local\Programs\IntelliJ IDEA Ultimate 2025.3.1\jbr\bin\jli.dll
0x00007ffe52050000 - 0x00007ffe52215000 	C:\WINDOWS\System32\USER32.dll
0x00007ffe2db70000 - 0x00007ffe2de03000 	C:\WINDOWS\WinSxS\amd64_microsoft.windows.common-controls_6595b64144ccf1df_6.0.26100.7309_none_3e05feeae336a044\COMCTL32.dll
0x00007ffe50c90000 - 0x00007ffe50cb7000 	C:\WINDOWS\System32\win32u.dll
0x00007ffe51440000 - 0x00007ffe514e9000 	C:\WINDOWS\System32\msvcrt.dll
0x00007ffe51040000 - 0x00007ffe5106b000 	C:\WINDOWS\System32\GDI32.dll
0x00007ffe504a0000 - 0x00007ffe505cc000 	C:\WINDOWS\System32\gdi32full.dll
0x00007ffe503f0000 - 0x00007ffe50493000 	C:\WINDOWS\System32\msvcp_win.dll
0x00007ffe52280000 - 0x00007ffe522b1000 	C:\WINDOWS\System32\IMM32.DLL
0x00007ffe24b90000 - 0x00007ffe24b9c000 	C:\Users\Admin\AppData\Local\Programs\IntelliJ IDEA Ultimate 2025.3.1\jbr\bin\vcruntime140_1.dll
0x00007ffdae410000 - 0x00007ffdae49d000 	C:\Users\Admin\AppData\Local\Programs\IntelliJ IDEA Ultimate 2025.3.1\jbr\bin\msvcp140.dll
0x00007ffd964e0000 - 0x00007ffd972ad000 	C:\Users\Admin\AppData\Local\Programs\IntelliJ IDEA Ultimate 2025.3.1\jbr\bin\server\jvm.dll
0x00007ffe51a40000 - 0x00007ffe51af4000 	C:\WINDOWS\System32\ADVAPI32.dll
0x00007ffe51100000 - 0x00007ffe511a6000 	C:\WINDOWS\System32\sechost.dll
0x00007ffe53140000 - 0x00007ffe53258000 	C:\WINDOWS\System32\RPCRT4.dll
0x00007ffe514f0000 - 0x00007ffe51564000 	C:\WINDOWS\System32\WS2_32.dll
0x00007ffe50250000 - 0x00007ffe502ae000 	C:\WINDOWS\SYSTEM32\POWRPROF.dll
0x00007ffe491c0000 - 0x00007ffe491cb000 	C:\WINDOWS\SYSTEM32\VERSION.dll
0x00007ffe431c0000 - 0x00007ffe431f5000 	C:\WINDOWS\SYSTEM32\WINMM.dll
0x00007ffe50230000 - 0x00007ffe50244000 	C:\WINDOWS\SYSTEM32\UMPDC.dll
0x00007ffe4f180000 - 0x00007ffe4f19b000 	C:\WINDOWS\SYSTEM32\kernel.appcore.dll
0x00007ffe24b80000 - 0x00007ffe24b8a000 	C:\Users\Admin\AppData\Local\Programs\IntelliJ IDEA Ultimate 2025.3.1\jbr\bin\jimage.dll
0x00007ffe4d7f0000 - 0x00007ffe4da32000 	C:\WINDOWS\SYSTEM32\DBGHELP.DLL
0x00007ffe51c00000 - 0x00007ffe51f86000 	C:\WINDOWS\System32\combase.dll
0x00007ffe51360000 - 0x00007ffe51436000 	C:\WINDOWS\System32\OLEAUT32.dll
0x00007ffe3bca0000 - 0x00007ffe3bcdc000 	C:\WINDOWS\SYSTEM32\dbgcore.DLL
0x00007ffe50be0000 - 0x00007ffe50c85000 	C:\WINDOWS\System32\bcryptPrimitives.dll
0x00007ffe23b50000 - 0x00007ffe23b70000 	C:\Users\Admin\AppData\Local\Programs\IntelliJ IDEA Ultimate 2025.3.1\jbr\bin\java.dll
0x00007ffe527d0000 - 0x00007ffe52f23000 	C:\WINDOWS\System32\SHELL32.dll
0x00007ffe50ed0000 - 0x00007ffe5103a000 	C:\WINDOWS\System32\wintypes.dll
0x00007ffe4dfd0000 - 0x00007ffe4e82e000 	C:\WINDOWS\SYSTEM32\windows.storage.dll
0x00007ffe51b00000 - 0x00007ffe51bf5000 	C:\WINDOWS\System32\SHCORE.dll
0x00007ffe530d0000 - 0x00007ffe53136000 	C:\WINDOWS\System32\shlwapi.dll
0x00007ffe50310000 - 0x00007ffe50339000 	C:\WINDOWS\SYSTEM32\profapi.dll
0x00007ffe23b40000 - 0x00007ffe23b50000 	C:\Users\Admin\AppData\Local\Programs\IntelliJ IDEA Ultimate 2025.3.1\jbr\bin\net.dll
0x00007ffe480d0000 - 0x00007ffe481f8000 	C:\WINDOWS\SYSTEM32\WINHTTP.dll
0x00007ffe4f710000 - 0x00007ffe4f77b000 	C:\WINDOWS\system32\mswsock.dll
0x00007ffe23900000 - 0x00007ffe23916000 	C:\Users\Admin\AppData\Local\Programs\IntelliJ IDEA Ultimate 2025.3.1\jbr\bin\nio.dll
0x00007ffe23920000 - 0x00007ffe23938000 	C:\Users\Admin\AppData\Local\Programs\IntelliJ IDEA Ultimate 2025.3.1\jbr\bin\zip.dll
0x00007ffe4eb60000 - 0x00007ffe4eb94000 	C:\WINDOWS\SYSTEM32\IPHLPAPI.DLL
0x00007ffe511b0000 - 0x00007ffe511ba000 	C:\WINDOWS\System32\NSI.dll
0x00007ffe4f9d0000 - 0x00007ffe4f9eb000 	C:\WINDOWS\SYSTEM32\CRYPTSP.dll
0x00007ffe4f0e0000 - 0x00007ffe4f11a000 	C:\WINDOWS\system32\rsaenh.dll
0x00007ffe4f7c0000 - 0x00007ffe4f7eb000 	C:\WINDOWS\SYSTEM32\USERENV.dll
0x00007ffe502e0000 - 0x00007ffe5030a000 	C:\WINDOWS\SYSTEM32\bcrypt.dll
0x00007ffe4f9f0000 - 0x00007ffe4f9fc000 	C:\WINDOWS\SYSTEM32\CRYPTBASE.dll
0x00007ffe0a1a0000 - 0x00007ffe0a1a9000 	C:\Users\Admin\AppData\Local\Programs\IntelliJ IDEA Ultimate 2025.3.1\jbr\bin\extnet.dll
0x00007ffe43cb0000 - 0x00007ffe43cb7000 	C:\Users\Admin\AppData\Local\Programs\IntelliJ IDEA Ultimate 2025.3.1\jbr\bin\rmi.dll
0x00007ffe4ec50000 - 0x00007ffe4ed7c000 	C:\WINDOWS\SYSTEM32\DNSAPI.dll
0x00007ffe48ee0000 - 0x00007ffe48eeb000 	C:\Windows\System32\rasadhlp.dll
0x00007ffe43e70000 - 0x00007ffe43ef6000 	C:\WINDOWS\System32\fwpuclnt.dll
0x00007ffe20060000 - 0x00007ffe2006e000 	C:\Users\Admin\AppData\Local\Programs\IntelliJ IDEA Ultimate 2025.3.1\jbr\bin\sunmscapi.dll
0x00007ffe50cc0000 - 0x00007ffe50e37000 	C:\WINDOWS\System32\CRYPT32.dll
0x00007ffe4fbf0000 - 0x00007ffe4fc20000 	C:\WINDOWS\SYSTEM32\ncrypt.dll
0x00007ffe4fba0000 - 0x00007ffe4fbdf000 	C:\WINDOWS\SYSTEM32\NTASN1.dll

JVMTI agents: none

dbghelp: loaded successfully - version: 4.0.5 - missing functions: none
symbol engine: initialized successfully - sym options: 0x614 - pdb path: .;C:\Users\Admin\AppData\Local\Programs\IntelliJ IDEA Ultimate 2025.3.1\jbr\bin;C:\WINDOWS\SYSTEM32;C:\WINDOWS\WinSxS\amd64_microsoft.windows.common-controls_6595b64144ccf1df_6.0.26100.7309_none_3e05feeae336a044;C:\Users\Admin\AppData\Local\Programs\IntelliJ IDEA Ultimate 2025.3.1\jbr\bin\server

VM Arguments:
jvm_args: -Djava.rmi.server.hostname=127.0.0.1 -Duser.timezone=UTC -Xmx2048m -Xms128m --add-exports=java.desktop/sun.awt=ALL-UNNAMED --add-exports=java.desktop/java.awt.peer=ALL-UNNAMED --add-opens=java.desktop/java.awt=ALL-UNNAMED --add-opens=jdk.unsupported/sun.misc=ALL-UNNAMED --add-opens=java.base/java.nio=ALL-UNNAMED --add-opens=java.base/java.util=ALL-UNNAMED -Dfile.encoding=UTF-8 -Dsun.stdout.encoding=UTF-8 -Dsun.stderr.encoding=UTF-8 
java_command: com.intellij.database.remote.RemoteJdbcServer com.mysql.cj.jdbc.Driver
java_class_path (initial): C:\Users\Admin\AppData\Local\Programs\IntelliJ IDEA Ultimate 2025.3.1\lib\util_rt.jar;C:\Users\Admin\AppData\Local\Programs\IntelliJ IDEA Ultimate 2025.3.1\lib\module-intellij.libraries.fastutil.jar;C:\Users\Admin\AppData\Local\Programs\IntelliJ IDEA Ultimate 2025.3.1\lib\groovy.jar;C:\Users\Admin\AppData\Local\Programs\IntelliJ IDEA Ultimate 2025.3.1\plugins\DatabaseTools\lib\modules\intellij.database.jdbcConsole.jar;C:\Users\Admin\AppData\Local\Programs\IntelliJ IDEA Ultimate 2025.3.1\lib\modules\intellij.grid.types.jar;C:\Users\Admin\AppData\Local\Programs\IntelliJ IDEA Ultimate 2025.3.1\lib\util.jar;C:\Users\Admin\AppData\Local\Programs\IntelliJ IDEA Ultimate 2025.3.1\lib\module-intellij.libraries.bouncy.castle.provider.jar
Launcher Type: SUN_STANDARD

[Global flags]
     intx CICompilerCount                          = 12                                        {product} {ergonomic}
     uint ConcGCThreads                            = 3                                         {product} {ergonomic}
     uint G1ConcRefinementThreads                  = 13                                        {product} {ergonomic}
   size_t G1HeapRegionSize                         = 1048576                                   {product} {ergonomic}
    uintx GCDrainStackTargetSize                   = 64                                        {product} {ergonomic}
   size_t InitialHeapSize                          = 134217728                                 {product} {command line}
   size_t MarkStackSize                            = 4194304                                   {product} {ergonomic}
   size_t MaxHeapSize                              = 2147483648                                {product} {command line}
   size_t MaxNewSize                               = 1287651328                                {product} {ergonomic}
   size_t MinHeapDeltaBytes                        = 1048576                                   {product} {ergonomic}
   size_t MinHeapSize                              = 134217728                                 {product} {command line}
    uintx NonNMethodCodeHeapSize                   = 7602480                                {pd product} {ergonomic}
    uintx NonProfiledCodeHeapSize                  = 122027880                              {pd product} {ergonomic}
    uintx ProfiledCodeHeapSize                     = 122027880                              {pd product} {ergonomic}
    uintx ReservedCodeCacheSize                    = 251658240                              {pd product} {ergonomic}
     bool SegmentedCodeCache                       = true                                      {product} {ergonomic}
   size_t SoftMaxHeapSize                          = 2147483648                             {manageable} {ergonomic}
     bool UseCompressedOops                        = true                           {product lp64_product} {ergonomic}
     bool UseG1GC                                  = true                                      {product} {ergonomic}
     bool UseLargePagesIndividualAllocation        = false                                  {pd product} {ergonomic}

Logging:
Log output configuration:
 #0: stdout all=warning uptime,level,tags foldmultilines=false
 #1: stderr all=off uptime,level,tags foldmultilines=false

Release file:
JAVA_VERSION="21.0.9" 
MODULES="java.base java.datatransfer java.xml java.prefs java.desktop gluegen.rt java.compiler java.instrument java.logging java.management java.security.sasl java.naming java.rmi java.management.rmi java.net.http java.scripting java.security.jgss java.transaction.xa java.sql java.sql.rowset java.xml.crypto java.se java.smartcardio jogl.all jcef jdk.accessibility jdk.internal.jvmstat jdk.attach jdk.charsets jdk.internal.opt jdk.zipfs jdk.compiler jdk.crypto.ec jdk.crypto.cryptoki jdk.crypto.mscapi jdk.dynalink jdk.hotspot.agent jdk.httpserver jdk.internal.ed jdk.internal.le jdk.internal.vm.ci jdk.javadoc jdk.jcmd jdk.jdwp.agent jdk.jdi jdk.jfr jdk.jsobject jdk.localedata jdk.management jdk.management.agent jdk.management.jfr jdk.naming.dns jdk.naming.rmi jdk.net jdk.sctp jdk.security.auth jdk.security.jgss jdk.unsupported jdk.unsupported.desktop jdk.xml.dom" 
IMPLEMENTOR="JetBrains s.r.o." 
IMPLEMENTOR_VERSION="JBR-21.0.9+1-1163.86-jcef" 
JAVA_RUNTIME_VERSION="21.0.9+1-b1163.86" 
LIBC="default" 
OS_ARCH="x86_64" 
OS_NAME="Windows" 
SOURCE=".:git:1a60506bbd2d+ jcef_git:git:4a605f44671a" 
JCEF_VERSION="137.0.17.1086+g6f9ab69" 
JCEF_COMMIT_HASH="6f9ab690b28a1262f82e6f869c310bdf1d0697ac" 

Environment Variables:
JAVA_HOME=D:\jdk-17
PATH=C:\Python312\Scripts\;C:\Python312\;C:\Program Files\Common Files\Oracle\Java\javapath;C:\Users\Admin\AppData\Local\Programs\Python\Python311\Scripts;C:\Windows;C:\Windows\System32\Wbem;C:\Windows\System32\WindowsPowerShell\v1.0\;C:\Windows\System32\OpenSSH\;C:\Program Files (x86)\NVIDIA Corporation\PhysX\Common;C:\Program Files\NVIDIA Corporation\NVIDIA NvDLISR;C:\Program Files\dotnet\;C:\WINDOWS\system32;C:\WINDOWS;C:\WINDOWS\System32\Wbem;C:\WINDOWS\System32\WindowsPowerShell\v1.0\;C:\WINDOWS\System32\OpenSSH\;D:\Git\cmd;D:\go_lang\bin;C:\Program Files\Calibre2\;C:\ProgramData\chocolatey\bin;C:\Users\Admin\AppData\Local\Pub\Cache\bin;D:\jdk-17\bin;C:\Program Files\Microsoft SQL Server\150\Tools\Binn\;D:\graphviz\bin;D:\nodejs\;C:\Users\Admin\AppData\Local\Programs\Python\Python311\Scripts\;C:\Users\Admin\AppData\Local\Programs\Python\Python311\;D:\Microsoft VS Code\bin;D:\Git\bin;D:\flutter\bin;D:\ming\ucrt64\bin;C:\Users\Admin\go\bin;C:;C:\WINDOWS\system32;C:\WINDOWS;C:\WINDOWS\System32\Wbem;C:\WINDOWS\System32\WindowsPowerShell\v1.0\;C:\WINDOWS\System32\OpenSSH\;C:\Program Files\Docker\Docker\resources\bin;C:\Users\Admin\AppData\Local\Programs\Python\Python311\Scripts\;C:\Users\Admin\AppData\Local\Programs\Python\Python311\;C:\Users\Admin\AppData\Local\Programs\Python\Python311\Scripts;D:\Microsoft VS Code\bin;D:\Git\bin;D:\Git\cmd;D:\flutter\bin;D:\ming\ucrt64\bin;C:\Users\Admin\go\bin;D:\cursor\resources\app\bin;C:\Users\Admin\AppData\Roaming\npm;C:\Users\Admin\AppData\Local\Microsoft\WindowsApps;D:\Antigravity\bin;
USERNAME=Admin
OS=Windows_NT
PROCESSOR_IDENTIFIER=AMD64 Family 23 Model 96 Stepping 1, AuthenticAMD
TMP=C:\Users\Admin\AppData\Local\Temp
TEMP=C:\Users\Admin\AppData\Local\Temp




Periodic native trim disabled

JNI global refs:
JNI global refs: 26, weak refs: 0

JNI global refs memory usage: 835, weak refs: 833

Process memory usage:
Resident Set Size: 149596K (0% of 16119108K total physical memory with 1370268K free physical memory)

OOME stack traces (most recent first):
Classloader memory used:
Loader bootstrap                                                                       : 3604K
Loader jdk.internal.loader.ClassLoaders$AppClassLoader                                 : 3099K
Loader com.intellij.database.remote.jdbc.impl.JdbcClassLoader$JdbcClassLoaderImpl      : 2992K
Loader jdk.internal.loader.ClassLoaders$PlatformClassLoader                            : 775K
Loader jdk.internal.reflect.DelegatingClassLoader                                      : 101152B

---------------  S Y S T E M  ---------------

OS:
 Windows 11 , 64 bit Build 26100 (10.0.26100.7623)
OS uptime: 0 days 16:20 hours
Hyper-V role detected

CPU: total 16 (initial active 16) (16 cores per cpu, 2 threads per core) family 23 model 96 stepping 1 microcode 0x8600106, cx8, cmov, fxsr, ht, mmx, 3dnowpref, sse, sse2, sse3, ssse3, sse4a, sse4.1, sse4.2, popcnt, lzcnt, tsc, tscinvbit, avx, avx2, aes, clmul, bmi1, bmi2, adx, sha, fma, vzeroupper, clflush, clflushopt, hv, rdtscp, rdpid, f16c
Processor Information for the first 16 processors :
  Max Mhz: 2900, Current Mhz: 2900, Mhz Limit: 2900

Memory: 4k page, system-wide physical 15741M (1338M free)
TotalPageFile size 25869M (AvailPageFile size 6M)
current process WorkingSet (physical memory assigned to process): 146M, peak: 148M
current process commit charge ("private bytes"): 294M, peak: 297M

vm_info: OpenJDK 64-Bit Server VM (21.0.9+1-b1163.86) for windows-amd64 JRE (21.0.9+1-b1163.86), built on 2025-12-02 by "builduser" with MS VC++ 16.10 / 16.11 (VS2019)

END.
