#
# There is insufficient memory for the Java Runtime Environment to continue.
# Native memory allocation (mmap) failed to map 65536 bytes for Failed to commit metaspace.
# Possible reasons:
#   The system is out of physical RAM or swap space
#   The process is running with CompressedOops enabled, and the Java Heap may be blocking the growth of the native heap
# Possible solutions:
#   Reduce memory load on the system
#   Increase physical memory or swap space
#   Check if swap backing store is full
#   Decrease Java heap size (-Xmx/-Xms)
#   Decrease number of Java threads
#   Decrease Java thread stack sizes (-Xss)
#   Set larger code cache with -XX:ReservedCodeCacheSize=
#   JVM is running with Zero Based Compressed Oops mode in which the Java heap is
#     placed in the first 32GB address space. The Java Heap base address is the
#     maximum limit for the native heap growth. Please use -XX:HeapBaseMinAddress
#     to set the Java Heap base and to place the Java Heap above 32GB virtual address.
# This output file may be truncated or incomplete.
#
#  Out of Memory Error (virtualSpaceNode.cpp:110), pid=2936, tid=14328
#
# JRE version: Java(TM) SE Runtime Environment (17.0.13+10) (build 17.0.13+10-LTS-268)
# Java VM: Java HotSpot(TM) 64-Bit Server VM (17.0.13+10-LTS-268, mixed mode, emulated-client, sharing, tiered, compressed oops, compressed class ptrs, g1 gc, windows-amd64)
# No core dump will be written. Minidumps are not enabled by default on client versions of Windows
#

---------------  S U M M A R Y ------------

Command Line: -XX:TieredStopAtLevel=1 -Dspring.output.ansi.enabled=always -Dcom.sun.management.jmxremote -Dspring.jmx.enabled=true -Dspring.liveBeansView.mbeanDomain -Dspring.application.admin.enabled=true -Dmanagement.endpoints.jmx.exposure.include=* -javaagent:C:\Users\Admin\AppData\Local\Programs\IntelliJ IDEA Ultimate 2025.3.1\lib\idea_rt.jar=64564 -Dfile.encoding=UTF-8 com.example.demo.DemoApplication

Host: AMD Ryzen 7 4800H with Radeon Graphics         , 16 cores, 15G,  Windows 11 , 64 bit Build 26100 (10.0.26100.7623)
Time: Mon Feb  2 22:57:10 2026 SE Asia Standard Time elapsed time: 2.885135 seconds (0d 0h 0m 2s)

---------------  T H R E A D  ---------------

Current thread (0x000002c7fdafcf40):  JavaThread "main" [_thread_in_vm, id=14328, stack(0x000000f970f00000,0x000000f971000000)]

Stack: [0x000000f970f00000,0x000000f971000000]
Native frames: (J=compiled Java code, j=interpreted, Vv=VM code, C=native code)
V  [jvm.dll+0x67a23a]
V  [jvm.dll+0x7da96d]
V  [jvm.dll+0x7dc2b3]
V  [jvm.dll+0x7dc923]
V  [jvm.dll+0x2450ef]
V  [jvm.dll+0x7d653b]
V  [jvm.dll+0x6208b6]
V  [jvm.dll+0x1beb67]
V  [jvm.dll+0x623212]
V  [jvm.dll+0x621276]
V  [jvm.dll+0x62b167]
V  [jvm.dll+0x1e8312]
V  [jvm.dll+0x1e8835]
V  [jvm.dll+0x1e917b]
V  [jvm.dll+0x1de8a1]
V  [jvm.dll+0x53f90c]
V  [jvm.dll+0x7556e8]
V  [jvm.dll+0x7557d4]
V  [jvm.dll+0x40d32f]
V  [jvm.dll+0x413db9]
C  [java.dll+0x17ec]

Java frames: (J=compiled Java code, j=interpreted, Vv=VM code)
J 1035  java.lang.ClassLoader.defineClass1(Ljava/lang/ClassLoader;Ljava/lang/String;[BIILjava/security/ProtectionDomain;Ljava/lang/String;)Ljava/lang/Class; java.base@17.0.13 (0 bytes) @ 0x000002c787d40c63 [0x000002c787d40ba0+0x00000000000000c3]
J 1190 c1 java.lang.ClassLoader.defineClass(Ljava/lang/String;[BIILjava/security/ProtectionDomain;)Ljava/lang/Class; java.base@17.0.13 (43 bytes) @ 0x000002c787d85f6c [0x000002c787d85e60+0x000000000000010c]
J 1174 c1 jdk.internal.loader.BuiltinClassLoader.defineClass(Ljava/lang/String;Ljdk/internal/loader/Resource;)Ljava/lang/Class; java.base@17.0.13 (121 bytes) @ 0x000002c787d7faf4 [0x000002c787d7f620+0x00000000000004d4]
J 1173 c1 jdk.internal.loader.BuiltinClassLoader.findClassOnClassPathOrNull(Ljava/lang/String;)Ljava/lang/Class; java.base@17.0.13 (64 bytes) @ 0x000002c787d7e2c4 [0x000002c787d7e000+0x00000000000002c4]
J 976 c1 jdk.internal.loader.BuiltinClassLoader.loadClassOrNull(Ljava/lang/String;Z)Ljava/lang/Class; java.base@17.0.13 (143 bytes) @ 0x000002c787d21604 [0x000002c787d21180+0x0000000000000484]
J 1047 c1 jdk.internal.loader.ClassLoaders$AppClassLoader.loadClass(Ljava/lang/String;Z)Ljava/lang/Class; java.base@17.0.13 (40 bytes) @ 0x000002c787d4512c [0x000002c787d44fe0+0x000000000000014c]
J 1046 c1 java.lang.ClassLoader.loadClass(Ljava/lang/String;)Ljava/lang/Class; java.base@17.0.13 (7 bytes) @ 0x000002c787d44264 [0x000002c787d44220+0x0000000000000044]
v  ~StubRoutines::call_stub
j  org.hibernate.models.internal.jdk.JdkBuilders.buildClassDetailsStatic(Ljava/lang/Class;Lorg/hibernate/models/spi/ModelsContext;)Lorg/hibernate/models/internal/jdk/JdkClassDetails;+0
j  org.hibernate.models.internal.jdk.JdkBuilders.buildClassDetailsStatic(Ljava/lang/String;Lorg/hibernate/models/spi/ModelsContext;)Lorg/hibernate/models/internal/jdk/JdkClassDetails;+198
j  org.hibernate.models.internal.jdk.JdkBuilders.buildClassDetails(Ljava/lang/String;Lorg/hibernate/models/spi/ModelsContext;)Lorg/hibernate/models/internal/jdk/JdkClassDetails;+2
j  org.hibernate.models.internal.jdk.JdkBuilders.buildClassDetails(Ljava/lang/String;Lorg/hibernate/models/spi/ModelsContext;)Lorg/hibernate/models/spi/ClassDetails;+3
j  org.hibernate.models.internal.AbstractClassDetailsRegistry.createClassDetails(Ljava/lang/String;)Lorg/hibernate/models/spi/ClassDetails;+9
j  org.hibernate.models.internal.AbstractClassDetailsRegistry.resolveClassDetails(Ljava/lang/String;)Lorg/hibernate/models/spi/ClassDetails;+36
j  org.hibernate.models.internal.AbstractModelsContext.primeClassDetails(Ljava/lang/Class;)V+8
j  org.hibernate.models.internal.AbstractModelsContext$$Lambda$989+0x000002c7964d0200.accept(Ljava/lang/Object;)V+8
j  org.hibernate.models.internal.BaseLineJavaTypes.forEachJavaType(Ljava/util/function/Consumer;)V+16
j  org.hibernate.models.internal.AbstractModelsContext.primeRegistries(Lorg/hibernate/models/spi/RegistryPrimer;)V+6
j  org.hibernate.models.internal.BasicModelsContextImpl.<init>(Lorg/hibernate/models/spi/ClassLoading;ZLorg/hibernate/models/spi/RegistryPrimer;)V+32
j  org.hibernate.models.spi.ModelsConfiguration.bootstrap()Lorg/hibernate/models/spi/ModelsContext;+154
j  org.hibernate.boot.internal.BootstrapContextImpl.createModelBuildingContext(Lorg/hibernate/boot/registry/classloading/spi/ClassLoaderService;Lorg/hibernate/engine/config/spi/ConfigurationService;)Lorg/hibernate/models/spi/ModelsContext;+51
j  org.hibernate.boot.internal.BootstrapContextImpl.<init>(Lorg/hibernate/boot/registry/StandardServiceRegistry;Lorg/hibernate/boot/spi/MetadataBuildingOptions;)V+265
j  org.hibernate.boot.internal.MetadataBuilderImpl.<init>(Lorg/hibernate/boot/MetadataSources;Lorg/hibernate/boot/registry/StandardServiceRegistry;)V+31
j  org.hibernate.boot.MetadataSources.getMetadataBuilder(Lorg/hibernate/boot/registry/StandardServiceRegistry;)Lorg/hibernate/boot/MetadataBuilder;+7
j  org.hibernate.jpa.boot.internal.EntityManagerFactoryBuilderImpl.<init>(Lorg/hibernate/jpa/boot/spi/PersistenceUnitDescriptor;Ljava/util/Map;Ljava/lang/ClassLoader;Lorg/hibernate/boot/registry/classloading/spi/ClassLoaderService;Ljava/util/function/Consumer;)V+112
j  org.hibernate.jpa.boot.internal.EntityManagerFactoryBuilderImpl.<init>(Lorg/hibernate/jpa/boot/spi/PersistenceUnitDescriptor;Ljava/util/Map;)V+6
j  org.springframework.orm.jpa.vendor.SpringHibernateJpaPersistenceProvider.createContainerEntityManagerFactory(Ljakarta/persistence/spi/PersistenceUnitInfo;Ljava/util/Map;)Ljakarta/persistence/EntityManagerFactory;+56
j  org.springframework.orm.jpa.LocalContainerEntityManagerFactoryBean.createNativeEntityManagerFactory()Ljakarta/persistence/EntityManagerFactory;+111
j  org.springframework.orm.jpa.AbstractEntityManagerFactoryBean.buildNativeEntityManagerFactory()Ljakarta/persistence/EntityManagerFactory;+1
j  org.springframework.orm.jpa.AbstractEntityManagerFactoryBean.afterPropertiesSet()V+192
j  org.springframework.orm.jpa.LocalContainerEntityManagerFactoryBean.afterPropertiesSet()V+238
j  org.springframework.beans.factory.support.AbstractAutowireCapableBeanFactory.invokeInitMethods(Ljava/lang/String;Ljava/lang/Object;Lorg/springframework/beans/factory/support/RootBeanDefinition;)V+56
j  org.springframework.beans.factory.support.AbstractAutowireCapableBeanFactory.initializeBean(Ljava/lang/String;Ljava/lang/Object;Lorg/springframework/beans/factory/support/RootBeanDefinition;)Ljava/lang/Object;+46
j  org.springframework.beans.factory.support.AbstractAutowireCapableBeanFactory.doCreateBean(Ljava/lang/String;Lorg/springframework/beans/factory/support/RootBeanDefinition;[Ljava/lang/Object;)Ljava/lang/Object;+228
j  org.springframework.beans.factory.support.AbstractAutowireCapableBeanFactory.createBean(Ljava/lang/String;Lorg/springframework/beans/factory/support/RootBeanDefinition;[Ljava/lang/Object;)Ljava/lang/Object;+153
j  org.springframework.beans.factory.support.AbstractBeanFactory.lambda$doGetBean$0(Ljava/lang/String;Lorg/springframework/beans/factory/support/RootBeanDefinition;[Ljava/lang/Object;)Ljava/lang/Object;+4
j  org.springframework.beans.factory.support.AbstractBeanFactory$$Lambda$517+0x000002c7962c9708.getObject()Ljava/lang/Object;+16
j  org.springframework.beans.factory.support.DefaultSingletonBeanRegistry.getSingleton(Ljava/lang/String;Lorg/springframework/beans/factory/ObjectFactory;)Ljava/lang/Object;+897
J 2747 c1 org.springframework.beans.factory.support.AbstractBeanFactory.doGetBean(Ljava/lang/String;Ljava/lang/Class;[Ljava/lang/Object;Z)Ljava/lang/Object; (791 bytes) @ 0x000002c78810c624 [0x000002c78810c000+0x0000000000000624]
J 2751 c1 org.springframework.beans.factory.support.AbstractBeanFactory.getBean(Ljava/lang/String;Ljava/lang/Class;)Ljava/lang/Object; (9 bytes) @ 0x000002c788106fe4 [0x000002c788106fa0+0x0000000000000044]
j  org.springframework.context.support.AbstractApplicationContext.finishBeanFactoryInitialization(Lorg/springframework/beans/factory/config/ConfigurableListableBeanFactory;)V+226
j  org.springframework.context.support.AbstractApplicationContext.refresh()V+94
j  org.springframework.boot.web.server.servlet.context.ServletWebServerApplicationContext.refresh()V+1
j  org.springframework.boot.SpringApplication.refresh(Lorg/springframework/context/ConfigurableApplicationContext;)V+1
j  org.springframework.boot.SpringApplication.refreshContext(Lorg/springframework/context/ConfigurableApplicationContext;)V+19
j  org.springframework.boot.SpringApplication.run([Ljava/lang/String;)Lorg/springframework/context/ConfigurableApplicationContext;+113
j  org.springframework.boot.SpringApplication.run([Ljava/lang/Class;[Ljava/lang/String;)Lorg/springframework/context/ConfigurableApplicationContext;+9
j  org.springframework.boot.SpringApplication.run(Ljava/lang/Class;[Ljava/lang/String;)Lorg/springframework/context/ConfigurableApplicationContext;+9
j  com.example.demo.DemoApplication.main([Ljava/lang/String;)V+3
v  ~StubRoutines::call_stub

---------------  P R O C E S S  ---------------

Threads class SMR info:
_java_thread_list=0x000002c7db5fec80, length=25, elements={
0x000002c7fdafcf40, 0x000002c794d88c10, 0x000002c794d8c150, 0x000002c7da00ff00,
0x000002c7da0108c0, 0x000002c7da011df0, 0x000002c7da013320, 0x000002c7da014900,
0x000002c7da01c500, 0x000002c7da112990, 0x000002c7da11b540, 0x000002c794d742e0,
0x000002c794d74800, 0x000002c794d74d20, 0x000002c7da13da80, 0x000002c7da1138c0,
0x000002c7da112ea0, 0x000002c7da111a60, 0x000002c7da111f70, 0x000002c7da1147f0,
0x000002c7db180290, 0x000002c7db16c880, 0x000002c7da113dd0, 0x000002c7da1142e0,
0x000002c7da111550
}

Java Threads: ( => current thread )
=>0x000002c7fdafcf40 JavaThread "main" [_thread_in_vm, id=14328, stack(0x000000f970f00000,0x000000f971000000)]
  0x000002c794d88c10 JavaThread "Reference Handler" daemon [_thread_blocked, id=10952, stack(0x000000f971600000,0x000000f971700000)]
  0x000002c794d8c150 JavaThread "Finalizer" daemon [_thread_blocked, id=12952, stack(0x000000f971700000,0x000000f971800000)]
  0x000002c7da00ff00 JavaThread "Signal Dispatcher" daemon [_thread_blocked, id=2624, stack(0x000000f971800000,0x000000f971900000)]
  0x000002c7da0108c0 JavaThread "Attach Listener" daemon [_thread_blocked, id=4420, stack(0x000000f971900000,0x000000f971a00000)]
  0x000002c7da011df0 JavaThread "Service Thread" daemon [_thread_blocked, id=27336, stack(0x000000f971a00000,0x000000f971b00000)]
  0x000002c7da013320 JavaThread "Monitor Deflation Thread" daemon [_thread_blocked, id=20860, stack(0x000000f971b00000,0x000000f971c00000)]
  0x000002c7da014900 JavaThread "C1 CompilerThread0" daemon [_thread_blocked, id=26304, stack(0x000000f971c00000,0x000000f971d00000)]
  0x000002c7da01c500 JavaThread "Sweeper thread" daemon [_thread_blocked, id=27792, stack(0x000000f971d00000,0x000000f971e00000)]
  0x000002c7da112990 JavaThread "Common-Cleaner" daemon [_thread_blocked, id=29500, stack(0x000000f971e00000,0x000000f971f00000)]
  0x000002c7da11b540 JavaThread "C1 CompilerThread1" daemon [_thread_blocked, id=24224, stack(0x000000f971f00000,0x000000f972000000)]
  0x000002c794d742e0 JavaThread "C1 CompilerThread2" daemon [_thread_blocked, id=10108, stack(0x000000f972000000,0x000000f972100000)]
  0x000002c794d74800 JavaThread "C1 CompilerThread3" daemon [_thread_blocked, id=8736, stack(0x000000f972100000,0x000000f972200000)]
  0x000002c794d74d20 JavaThread "C1 CompilerThread4" daemon [_thread_blocked, id=24468, stack(0x000000f972200000,0x000000f972300000)]
  0x000002c7da13da80 JavaThread "C1 CompilerThread5" daemon [_thread_blocked, id=30212, stack(0x000000f972300000,0x000000f972400000)]
  0x000002c7da1138c0 JavaThread "Monitor Ctrl-Break" daemon [_thread_in_native, id=27660, stack(0x000000f972400000,0x000000f972500000)]
  0x000002c7da112ea0 JavaThread "Notification Thread" daemon [_thread_blocked, id=2364, stack(0x000000f972500000,0x000000f972600000)]
  0x000002c7da111a60 JavaThread "RMI TCP Accept-0" daemon [_thread_in_native, id=21012, stack(0x000000f972600000,0x000000f972700000)]
  0x000002c7da111f70 JavaThread "RMI TCP Connection(1)-192.168.1.5" daemon [_thread_in_native, id=27808, stack(0x000000f973200000,0x000000f973300000)]
  0x000002c7da1147f0 JavaThread "RMI Scheduler(0)" daemon [_thread_blocked, id=24348, stack(0x000000f973300000,0x000000f973400000)]
  0x000002c7db180290 JavaThread "C1 CompilerThread6" daemon [_thread_blocked, id=20796, stack(0x000000f973400000,0x000000f973500000)]
  0x000002c7db16c880 JavaThread "C1 CompilerThread7" daemon [_thread_blocked, id=8980, stack(0x000000f973500000,0x000000f973600000)]
  0x000002c7da113dd0 JavaThread "Catalina-utility-1" [_thread_blocked, id=3280, stack(0x000000f973a00000,0x000000f973b00000)]
  0x000002c7da1142e0 JavaThread "Catalina-utility-2" [_thread_blocked, id=30332, stack(0x000000f973b00000,0x000000f973c00000)]
  0x000002c7da111550 JavaThread "container-0" [_thread_blocked, id=27912, stack(0x000000f973c00000,0x000000f973d00000)]

Other Threads:
  0x000002c794d82f50 VMThread "VM Thread" [stack: 0x000000f971500000,0x000000f971600000] [id=2228]
  0x000002c7da10d160 WatcherThread [stack: 0x000000f972700000,0x000000f972800000] [id=1680]
  0x000002c7fdb693b0 GCTaskThread "GC Thread#0" [stack: 0x000000f971000000,0x000000f971100000] [id=4772]
  0x000002c7daa583d0 GCTaskThread "GC Thread#1" [stack: 0x000000f972800000,0x000000f972900000] [id=7008]
  0x000002c7daa58690 GCTaskThread "GC Thread#2" [stack: 0x000000f972900000,0x000000f972a00000] [id=28636]
  0x000002c7daa58d50 GCTaskThread "GC Thread#3" [stack: 0x000000f972a00000,0x000000f972b00000] [id=2792]
  0x000002c7daa799b0 GCTaskThread "GC Thread#4" [stack: 0x000000f972b00000,0x000000f972c00000] [id=4784]
  0x000002c7daa7a770 GCTaskThread "GC Thread#5" [stack: 0x000000f972c00000,0x000000f972d00000] [id=8852]
  0x000002c7daa7aa30 GCTaskThread "GC Thread#6" [stack: 0x000000f972d00000,0x000000f972e00000] [id=30712]
  0x000002c7daa79f30 GCTaskThread "GC Thread#7" [stack: 0x000000f972e00000,0x000000f972f00000] [id=24664]
  0x000002c7daa796f0 GCTaskThread "GC Thread#8" [stack: 0x000000f972f00000,0x000000f973000000] [id=29984]
  0x000002c7daa7b270 GCTaskThread "GC Thread#9" [stack: 0x000000f973000000,0x000000f973100000] [id=24256]
  0x000002c7daa7acf0 GCTaskThread "GC Thread#10" [stack: 0x000000f973100000,0x000000f973200000] [id=11516]
  0x000002c7daa7a1f0 GCTaskThread "GC Thread#11" [stack: 0x000000f973600000,0x000000f973700000] [id=27228]
  0x000002c7daa7afb0 GCTaskThread "GC Thread#12" [stack: 0x000000f973700000,0x000000f973800000] [id=13048]
  0x000002c7fdb79a60 ConcurrentGCThread "G1 Main Marker" [stack: 0x000000f971100000,0x000000f971200000] [id=28956]
  0x000002c7fdb7dda0 ConcurrentGCThread "G1 Conc#0" [stack: 0x000000f971200000,0x000000f971300000] [id=1384]
  0x000002c7daa7a4b0 ConcurrentGCThread "G1 Conc#1" [stack: 0x000000f973800000,0x000000f973900000] [id=27740]
  0x000002c7db0d8c90 ConcurrentGCThread "G1 Conc#2" [stack: 0x000000f973900000,0x000000f973a00000] [id=25532]
  0x000002c794c3ec40 ConcurrentGCThread "G1 Refine#0" [stack: 0x000000f971300000,0x000000f971400000] [id=8580]
  0x000002c794c3f410 ConcurrentGCThread "G1 Service" [stack: 0x000000f971400000,0x000000f971500000] [id=9608]

Threads with active compile tasks:

VM state: not at safepoint (normal execution)

VM Mutex/Monitor currently owned by a thread:  ([mutex/lock_event])
[0x000002c7fdaf9900] Metaspace_lock - owner thread: 0x000002c7fdafcf40

Heap address: 0x000000070a000000, size: 3936 MB, Compressed Oops mode: Zero based, Oop shift amount: 3

CDS archive(s) mapped at: [0x000002c795000000-0x000002c795bd0000-0x000002c795bd0000), size 12386304, SharedBaseAddress: 0x000002c795000000, ArchiveRelocationMode: 1.
Compressed class space mapped at: 0x000002c796000000-0x000002c7d6000000, reserved size: 1073741824
Narrow klass base: 0x000002c795000000, Narrow klass shift: 0, Narrow klass range: 0x100000000

GC Precious Log:
 CPUs: 16 total, 16 available
 Memory: 15741M
 Large Page Support: Disabled
 NUMA Support: Disabled
 Compressed Oops: Enabled (Zero based)
 Heap Region Size: 2M
 Heap Min Capacity: 8M
 Heap Initial Capacity: 246M
 Heap Max Capacity: 3936M
 Pre-touch: Disabled
 Parallel Workers: 13
 Concurrent Workers: 3
 Concurrent Refinement Workers: 13
 Periodic GC: Disabled

Heap:
 garbage-first heap   total 153600K, used 28503K [0x000000070a000000, 0x0000000800000000)
  region size 2048K, 8 young (16384K), 2 survivors (4096K)
 Metaspace       used 32903K, committed 33408K, reserved 1114112K
  class space    used 4676K, committed 4928K, reserved 1048576K

Heap Regions: E=young(eden), S=young(survivor), O=old, HS=humongous(starts), HC=humongous(continues), CS=collection set, F=free, OA=open archive, CA=closed archive, TAMS=top-at-mark-start (previous, next)
|   0|0x000000070a000000, 0x000000070a200000, 0x000000070a200000|100%| O|  |TAMS 0x000000070a200000, 0x000000070a000000| Untracked 
|   1|0x000000070a200000, 0x000000070a400000, 0x000000070a400000|100%| O|  |TAMS 0x000000070a400000, 0x000000070a200000| Untracked 
|   2|0x000000070a400000, 0x000000070a600000, 0x000000070a600000|100%| O|  |TAMS 0x000000070a600000, 0x000000070a400000| Untracked 
|   3|0x000000070a600000, 0x000000070a608200, 0x000000070a800000|  1%| O|  |TAMS 0x000000070a600000, 0x000000070a600000| Untracked 
|   4|0x000000070a800000, 0x000000070aa00000, 0x000000070aa00000|100%| O|  |TAMS 0x000000070a800000, 0x000000070a800000| Untracked 
|   5|0x000000070aa00000, 0x000000070ac00000, 0x000000070ac00000|100%| O|  |TAMS 0x000000070aa00000, 0x000000070aa00000| Untracked 
|   6|0x000000070ac00000, 0x000000070ae00000, 0x000000070ae00000|100%| O|  |TAMS 0x000000070ac00000, 0x000000070ac00000| Untracked 
|   7|0x000000070ae00000, 0x000000070b000000, 0x000000070b000000|100%| O|  |TAMS 0x000000070ae00000, 0x000000070ae00000| Untracked 
|   8|0x000000070b000000, 0x000000070b000000, 0x000000070b200000|  0%| F|  |TAMS 0x000000070b000000, 0x000000070b000000| Untracked 
|   9|0x000000070b200000, 0x000000070b200000, 0x000000070b400000|  0%| F|  |TAMS 0x000000070b200000, 0x000000070b200000| Untracked 
|  10|0x000000070b400000, 0x000000070b400000, 0x000000070b600000|  0%| F|  |TAMS 0x000000070b400000, 0x000000070b400000| Untracked 
|  11|0x000000070b600000, 0x000000070b600000, 0x000000070b800000|  0%| F|  |TAMS 0x000000070b600000, 0x000000070b600000| Untracked 
|  12|0x000000070b800000, 0x000000070b800000, 0x000000070ba00000|  0%| F|  |TAMS 0x000000070b800000, 0x000000070b800000| Untracked 
|  13|0x000000070ba00000, 0x000000070bbcddf0, 0x000000070bc00000| 90%| S|CS|TAMS 0x000000070ba00000, 0x000000070ba00000| Complete 
|  14|0x000000070bc00000, 0x000000070bc00000, 0x000000070be00000|  0%| F|  |TAMS 0x000000070bc00000, 0x000000070bc00000| Untracked 
|  15|0x000000070be00000, 0x000000070be00000, 0x000000070c000000|  0%| F|  |TAMS 0x000000070be00000, 0x000000070be00000| Untracked 
|  16|0x000000070c000000, 0x000000070c200000, 0x000000070c200000|100%| S|CS|TAMS 0x000000070c000000, 0x000000070c000000| Complete 
|  17|0x000000070c200000, 0x000000070c200000, 0x000000070c400000|  0%| F|  |TAMS 0x000000070c200000, 0x000000070c200000| Untracked 
|  18|0x000000070c400000, 0x000000070c400000, 0x000000070c600000|  0%| F|  |TAMS 0x000000070c400000, 0x000000070c400000| Untracked 
|  19|0x000000070c600000, 0x000000070c600000, 0x000000070c800000|  0%| F|  |TAMS 0x000000070c600000, 0x000000070c600000| Untracked 
|  20|0x000000070c800000, 0x000000070c800000, 0x000000070ca00000|  0%| F|  |TAMS 0x000000070c800000, 0x000000070c800000| Untracked 
|  21|0x000000070ca00000, 0x000000070ca00000, 0x000000070cc00000|  0%| F|  |TAMS 0x000000070ca00000, 0x000000070ca00000| Untracked 
|  22|0x000000070cc00000, 0x000000070cc00000, 0x000000070ce00000|  0%| F|  |TAMS 0x000000070cc00000, 0x000000070cc00000| Untracked 
|  23|0x000000070ce00000, 0x000000070ce00000, 0x000000070d000000|  0%| F|  |TAMS 0x000000070ce00000, 0x000000070ce00000| Untracked 
|  24|0x000000070d000000, 0x000000070d000000, 0x000000070d200000|  0%| F|  |TAMS 0x000000070d000000, 0x000000070d000000| Untracked 
|  25|0x000000070d200000, 0x000000070d200000, 0x000000070d400000|  0%| F|  |TAMS 0x000000070d200000, 0x000000070d200000| Untracked 
|  26|0x000000070d400000, 0x000000070d400000, 0x000000070d600000|  0%| F|  |TAMS 0x000000070d400000, 0x000000070d400000| Untracked 
|  27|0x000000070d600000, 0x000000070d600000, 0x000000070d800000|  0%| F|  |TAMS 0x000000070d600000, 0x000000070d600000| Untracked 
|  28|0x000000070d800000, 0x000000070d800000, 0x000000070da00000|  0%| F|  |TAMS 0x000000070d800000, 0x000000070d800000| Untracked 
|  29|0x000000070da00000, 0x000000070da00000, 0x000000070dc00000|  0%| F|  |TAMS 0x000000070da00000, 0x000000070da00000| Untracked 
|  30|0x000000070dc00000, 0x000000070dc00000, 0x000000070de00000|  0%| F|  |TAMS 0x000000070dc00000, 0x000000070dc00000| Untracked 
|  31|0x000000070de00000, 0x000000070de00000, 0x000000070e000000|  0%| F|  |TAMS 0x000000070de00000, 0x000000070de00000| Untracked 
|  32|0x000000070e000000, 0x000000070e000000, 0x000000070e200000|  0%| F|  |TAMS 0x000000070e000000, 0x000000070e000000| Untracked 
|  33|0x000000070e200000, 0x000000070e200000, 0x000000070e400000|  0%| F|  |TAMS 0x000000070e200000, 0x000000070e200000| Untracked 
|  34|0x000000070e400000, 0x000000070e400000, 0x000000070e600000|  0%| F|  |TAMS 0x000000070e400000, 0x000000070e400000| Untracked 
|  35|0x000000070e600000, 0x000000070e600000, 0x000000070e800000|  0%| F|  |TAMS 0x000000070e600000, 0x000000070e600000| Untracked 
|  36|0x000000070e800000, 0x000000070e800000, 0x000000070ea00000|  0%| F|  |TAMS 0x000000070e800000, 0x000000070e800000| Untracked 
|  37|0x000000070ea00000, 0x000000070ea00000, 0x000000070ec00000|  0%| F|  |TAMS 0x000000070ea00000, 0x000000070ea00000| Untracked 
|  38|0x000000070ec00000, 0x000000070ec00000, 0x000000070ee00000|  0%| F|  |TAMS 0x000000070ec00000, 0x000000070ec00000| Untracked 
|  39|0x000000070ee00000, 0x000000070ee00000, 0x000000070f000000|  0%| F|  |TAMS 0x000000070ee00000, 0x000000070ee00000| Untracked 
|  40|0x000000070f000000, 0x000000070f000000, 0x000000070f200000|  0%| F|  |TAMS 0x000000070f000000, 0x000000070f000000| Untracked 
|  41|0x000000070f200000, 0x000000070f200000, 0x000000070f400000|  0%| F|  |TAMS 0x000000070f200000, 0x000000070f200000| Untracked 
|  42|0x000000070f400000, 0x000000070f400000, 0x000000070f600000|  0%| F|  |TAMS 0x000000070f400000, 0x000000070f400000| Untracked 
|  43|0x000000070f600000, 0x000000070f600000, 0x000000070f800000|  0%| F|  |TAMS 0x000000070f600000, 0x000000070f600000| Untracked 
|  44|0x000000070f800000, 0x000000070f800000, 0x000000070fa00000|  0%| F|  |TAMS 0x000000070f800000, 0x000000070f800000| Untracked 
|  45|0x000000070fa00000, 0x000000070fa00000, 0x000000070fc00000|  0%| F|  |TAMS 0x000000070fa00000, 0x000000070fa00000| Untracked 
|  46|0x000000070fc00000, 0x000000070fc00000, 0x000000070fe00000|  0%| F|  |TAMS 0x000000070fc00000, 0x000000070fc00000| Untracked 
|  47|0x000000070fe00000, 0x000000070fe00000, 0x0000000710000000|  0%| F|  |TAMS 0x000000070fe00000, 0x000000070fe00000| Untracked 
|  48|0x0000000710000000, 0x0000000710000000, 0x0000000710200000|  0%| F|  |TAMS 0x0000000710000000, 0x0000000710000000| Untracked 
|  49|0x0000000710200000, 0x0000000710200000, 0x0000000710400000|  0%| F|  |TAMS 0x0000000710200000, 0x0000000710200000| Untracked 
|  50|0x0000000710400000, 0x0000000710400000, 0x0000000710600000|  0%| F|  |TAMS 0x0000000710400000, 0x0000000710400000| Untracked 
|  51|0x0000000710600000, 0x0000000710600000, 0x0000000710800000|  0%| F|  |TAMS 0x0000000710600000, 0x0000000710600000| Untracked 
|  52|0x0000000710800000, 0x0000000710800000, 0x0000000710a00000|  0%| F|  |TAMS 0x0000000710800000, 0x0000000710800000| Untracked 
|  53|0x0000000710a00000, 0x0000000710a00000, 0x0000000710c00000|  0%| F|  |TAMS 0x0000000710a00000, 0x0000000710a00000| Untracked 
|  54|0x0000000710c00000, 0x0000000710c00000, 0x0000000710e00000|  0%| F|  |TAMS 0x0000000710c00000, 0x0000000710c00000| Untracked 
|  55|0x0000000710e00000, 0x0000000710e00000, 0x0000000711000000|  0%| F|  |TAMS 0x0000000710e00000, 0x0000000710e00000| Untracked 
|  56|0x0000000711000000, 0x0000000711000000, 0x0000000711200000|  0%| F|  |TAMS 0x0000000711000000, 0x0000000711000000| Untracked 
|  57|0x0000000711200000, 0x0000000711200000, 0x0000000711400000|  0%| F|  |TAMS 0x0000000711200000, 0x0000000711200000| Untracked 
|  58|0x0000000711400000, 0x0000000711400000, 0x0000000711600000|  0%| F|  |TAMS 0x0000000711400000, 0x0000000711400000| Untracked 
|  59|0x0000000711600000, 0x0000000711600000, 0x0000000711800000|  0%| F|  |TAMS 0x0000000711600000, 0x0000000711600000| Untracked 
|  60|0x0000000711800000, 0x0000000711800000, 0x0000000711a00000|  0%| F|  |TAMS 0x0000000711800000, 0x0000000711800000| Untracked 
|  61|0x0000000711a00000, 0x0000000711a00000, 0x0000000711c00000|  0%| F|  |TAMS 0x0000000711a00000, 0x0000000711a00000| Untracked 
|  62|0x0000000711c00000, 0x0000000711c00000, 0x0000000711e00000|  0%| F|  |TAMS 0x0000000711c00000, 0x0000000711c00000| Untracked 
|  63|0x0000000711e00000, 0x0000000711e00000, 0x0000000712000000|  0%| F|  |TAMS 0x0000000711e00000, 0x0000000711e00000| Untracked 
|  64|0x0000000712000000, 0x0000000712000000, 0x0000000712200000|  0%| F|  |TAMS 0x0000000712000000, 0x0000000712000000| Untracked 
|  65|0x0000000712200000, 0x0000000712200000, 0x0000000712400000|  0%| F|  |TAMS 0x0000000712200000, 0x0000000712200000| Untracked 
|  66|0x0000000712400000, 0x0000000712400000, 0x0000000712600000|  0%| F|  |TAMS 0x0000000712400000, 0x0000000712400000| Untracked 
|  67|0x0000000712600000, 0x0000000712600000, 0x0000000712800000|  0%| F|  |TAMS 0x0000000712600000, 0x0000000712600000| Untracked 
|  68|0x0000000712800000, 0x0000000712800000, 0x0000000712a00000|  0%| F|  |TAMS 0x0000000712800000, 0x0000000712800000| Untracked 
|  69|0x0000000712a00000, 0x0000000712b03c10, 0x0000000712c00000| 50%| E|  |TAMS 0x0000000712a00000, 0x0000000712a00000| Complete 
|  70|0x0000000712c00000, 0x0000000712e00000, 0x0000000712e00000|100%| E|CS|TAMS 0x0000000712c00000, 0x0000000712c00000| Complete 
|  97|0x0000000716200000, 0x0000000716400000, 0x0000000716400000|100%| E|CS|TAMS 0x0000000716200000, 0x0000000716200000| Complete 
|  98|0x0000000716400000, 0x0000000716600000, 0x0000000716600000|100%| E|CS|TAMS 0x0000000716400000, 0x0000000716400000| Complete 
|  99|0x0000000716600000, 0x0000000716800000, 0x0000000716800000|100%| E|CS|TAMS 0x0000000716600000, 0x0000000716600000| Complete 
| 122|0x0000000719400000, 0x0000000719600000, 0x0000000719600000|100%| E|CS|TAMS 0x0000000719400000, 0x0000000719400000| Complete 

Card table byte_map: [0x000002c7fe9d0000,0x000002c7ff180000] _byte_map_base: 0x000002c7fb180000

Marking Bits (Prev, Next): (CMBitMap*) 0x000002c7fdb69a10, (CMBitMap*) 0x000002c7fdb699d0
 Prev Bits: [0x000002c78e580000, 0x000002c792300000)
 Next Bits: [0x000002c78a800000, 0x000002c78e580000)

Polling page: 0x000002c7fb8b0000

Metaspace:

Usage:
  Non-class:     27.57 MB used.
      Class:      4.57 MB used.
       Both:     32.13 MB used.

Virtual space:
  Non-class space:       64.00 MB reserved,      27.81 MB ( 43%) committed,  1 nodes.
      Class space:        1.00 GB reserved,       4.81 MB ( <1%) committed,  1 nodes.
             Both:        1.06 GB reserved,      32.62 MB (  3%) committed. 

Chunk freelists:
   Non-Class:  4.05 MB
       Class:  11.17 MB
        Both:  15.22 MB

MaxMetaspaceSize: unlimited
CompressedClassSpaceSize: 1.00 GB
Initial GC threshold: 21.00 MB
Current GC threshold: 35.12 MB
CDS: on
MetaspaceReclaimPolicy: balanced
 - commit_granule_bytes: 65536.
 - commit_granule_words: 8192.
 - virtual_space_node_default_size: 8388608.
 - enlarge_chunks_in_place: 1.
 - new_chunks_are_fully_committed: 0.
 - uncommit_free_chunks: 1.
 - use_allocation_guard: 0.
 - handle_deallocations: 1.


Internal statistics:

num_allocs_failed_limit: 3.
num_arena_births: 642.
num_arena_deaths: 0.
num_vsnodes_births: 2.
num_vsnodes_deaths: 0.
num_space_committed: 522.
num_space_uncommitted: 0.
num_chunks_returned_to_freelist: 3.
num_chunks_taken_from_freelist: 1874.
num_chunk_merges: 3.
num_chunk_splits: 1261.
num_chunks_enlarged: 923.
num_inconsistent_stats: 0.

CodeCache: size=49152Kb used=11015Kb max_used=11015Kb free=38136Kb
 bounds [0x000002c787800000, 0x000002c7882d0000, 0x000002c78a800000]
 total_blobs=4360 nmethods=3822 adapters=458
 compilation: enabled
              stopped_count=0, restarted_count=0
 full_count=0

Compilation events (20 events):
Event: 2.714 Thread 0x000002c794d74d20 nmethod 3810 0x000002c7882bd290 code [0x000002c7882bd440, 0x000002c7882bd5d8]
Event: 2.714 Thread 0x000002c7db16c880 nmethod 3814 0x000002c7882bd690 code [0x000002c7882bd840, 0x000002c7882bda28]
Event: 2.716 Thread 0x000002c7da13da80 3815       1       sun.rmi.runtime.Log$LoggerLog::isLoggable (9 bytes)
Event: 2.716 Thread 0x000002c7da13da80 nmethod 3815 0x000002c7882bdb10 code [0x000002c7882bdca0, 0x000002c7882bddb8]
Event: 2.716 Thread 0x000002c7da11b540 3816       1       sun.rmi.server.MarshalOutputStream::replaceObject (33 bytes)
Event: 2.716 Thread 0x000002c794d74d20 3817       1       java.io.ObjectOutputStream::writeHandle (22 bytes)
Event: 2.716 Thread 0x000002c7db180290 3818       1       java.io.ObjectStreamClass::forClass (52 bytes)
Event: 2.716 Thread 0x000002c794d74d20 nmethod 3817 0x000002c7882bde90 code [0x000002c7882be040, 0x000002c7882be1b8]
Event: 2.716 Thread 0x000002c7da11b540 nmethod 3816 0x000002c7882be310 code [0x000002c7882be500, 0x000002c7882be9e8]
Event: 2.717 Thread 0x000002c7db180290 nmethod 3818 0x000002c7882bec90 code [0x000002c7882bef40, 0x000002c7882bf8e8]
Event: 2.723 Thread 0x000002c7da014900 3819       1       java.lang.ClassLoader::getSystemClassLoader (96 bytes)
Event: 2.724 Thread 0x000002c7da014900 nmethod 3819 0x000002c7882bfe90 code [0x000002c7882c0060, 0x000002c7882c0368]
Event: 2.728 Thread 0x000002c794d742e0 3820       1       java.lang.invoke.LambdaFormEditor$TransformKey::of (51 bytes)
Event: 2.728 Thread 0x000002c7db180290 3821       1       java.lang.invoke.LambdaFormEditor$TransformKey::packedBytes (39 bytes)
Event: 2.728 Thread 0x000002c7db180290 nmethod 3821 0x000002c7882c0510 code [0x000002c7882c06a0, 0x000002c7882c0758]
Event: 2.728 Thread 0x000002c794d742e0 nmethod 3820 0x000002c7882c0810 code [0x000002c7882c09e0, 0x000002c7882c0d68]
Event: 2.761 Thread 0x000002c7da13da80 3822       1       sun.security.provider.SHA2::implCompress0 (490 bytes)
Event: 2.761 Thread 0x000002c7da13da80 nmethod 3822 0x000002c7882c0e90 code [0x000002c7882c1040, 0x000002c7882c1568]
Event: 2.858 Thread 0x000002c794d74800 3823       1       org.hibernate.type.BasicTypeReference::getJavaType (5 bytes)
Event: 2.858 Thread 0x000002c794d74800 nmethod 3823 0x000002c7882c1b90 code [0x000002c7882c1d20, 0x000002c7882c1df8]

GC Heap History (14 events):
Event: 0.599 GC heap before
{Heap before GC invocations=0 (full 0):
 garbage-first heap   total 251904K, used 22528K [0x000000070a000000, 0x0000000800000000)
  region size 2048K, 11 young (22528K), 0 survivors (0K)
 Metaspace       used 6788K, committed 6976K, reserved 1114112K
  class space    used 864K, committed 960K, reserved 1048576K
}
Event: 0.604 GC heap after
{Heap after GC invocations=1 (full 0):
 garbage-first heap   total 251904K, used 8028K [0x000000070a000000, 0x0000000800000000)
  region size 2048K, 2 young (4096K), 2 survivors (4096K)
 Metaspace       used 6788K, committed 6976K, reserved 1114112K
  class space    used 864K, committed 960K, reserved 1048576K
}
Event: 1.119 GC heap before
{Heap before GC invocations=1 (full 0):
 garbage-first heap   total 251904K, used 32604K [0x000000070a000000, 0x0000000800000000)
  region size 2048K, 14 young (28672K), 2 survivors (4096K)
 Metaspace       used 11989K, committed 12352K, reserved 1114112K
  class space    used 1702K, committed 1856K, reserved 1048576K
}
Event: 1.122 GC heap after
{Heap after GC invocations=2 (full 0):
 garbage-first heap   total 251904K, used 9628K [0x000000070a000000, 0x0000000800000000)
  region size 2048K, 1 young (2048K), 1 survivors (2048K)
 Metaspace       used 11989K, committed 12352K, reserved 1114112K
  class space    used 1702K, committed 1856K, reserved 1048576K
}
Event: 1.467 GC heap before
{Heap before GC invocations=2 (full 0):
 garbage-first heap   total 251904K, used 50588K [0x000000070a000000, 0x0000000800000000)
  region size 2048K, 23 young (47104K), 1 survivors (2048K)
 Metaspace       used 21140K, committed 21504K, reserved 1114112K
  class space    used 2886K, committed 3072K, reserved 1048576K
}
Event: 1.472 GC heap after
{Heap after GC invocations=3 (full 0):
 garbage-first heap   total 251904K, used 12881K [0x000000070a000000, 0x0000000800000000)
  region size 2048K, 3 young (6144K), 3 survivors (6144K)
 Metaspace       used 21140K, committed 21504K, reserved 1114112K
  class space    used 2886K, committed 3072K, reserved 1048576K
}
Event: 1.886 GC heap before
{Heap before GC invocations=4 (full 0):
 garbage-first heap   total 55296K, used 39505K [0x000000070a000000, 0x0000000800000000)
  region size 2048K, 16 young (32768K), 3 survivors (6144K)
 Metaspace       used 23122K, committed 23488K, reserved 1114112K
  class space    used 3216K, committed 3392K, reserved 1048576K
}
Event: 1.892 GC heap after
{Heap after GC invocations=5 (full 0):
 garbage-first heap   total 55296K, used 14556K [0x000000070a000000, 0x0000000800000000)
  region size 2048K, 1 young (2048K), 1 survivors (2048K)
 Metaspace       used 23122K, committed 23488K, reserved 1114112K
  class space    used 3216K, committed 3392K, reserved 1048576K
}
Event: 1.933 GC heap before
{Heap before GC invocations=5 (full 0):
 garbage-first heap   total 55296K, used 16604K [0x000000070a000000, 0x0000000800000000)
  region size 2048K, 2 young (4096K), 1 survivors (2048K)
 Metaspace       used 23364K, committed 23808K, reserved 1114112K
  class space    used 3250K, committed 3456K, reserved 1048576K
}
Event: 1.936 GC heap after
{Heap after GC invocations=6 (full 0):
 garbage-first heap   total 55296K, used 14644K [0x000000070a000000, 0x0000000800000000)
  region size 2048K, 1 young (2048K), 1 survivors (2048K)
 Metaspace       used 23364K, committed 23808K, reserved 1114112K
  class space    used 3250K, committed 3456K, reserved 1048576K
}
Event: 2.280 GC heap before
{Heap before GC invocations=6 (full 0):
 garbage-first heap   total 55296K, used 35124K [0x000000070a000000, 0x0000000800000000)
  region size 2048K, 11 young (22528K), 1 survivors (2048K)
 Metaspace       used 26457K, committed 26944K, reserved 1114112K
  class space    used 3776K, committed 4032K, reserved 1048576K
}
Event: 2.286 GC heap after
{Heap after GC invocations=7 (full 0):
 garbage-first heap   total 55296K, used 16385K [0x000000070a000000, 0x0000000800000000)
  region size 2048K, 2 young (4096K), 2 survivors (4096K)
 Metaspace       used 26457K, committed 26944K, reserved 1114112K
  class space    used 3776K, committed 4032K, reserved 1048576K
}
Event: 2.646 GC heap before
{Heap before GC invocations=7 (full 0):
 garbage-first heap   total 55296K, used 36865K [0x000000070a000000, 0x0000000800000000)
  region size 2048K, 12 young (24576K), 2 survivors (4096K)
 Metaspace       used 30164K, committed 30720K, reserved 1114112K
  class space    used 4239K, committed 4480K, reserved 1048576K
}
Event: 2.649 GC heap after
{Heap after GC invocations=8 (full 0):
 garbage-first heap   total 153600K, used 18263K [0x000000070a000000, 0x0000000800000000)
  region size 2048K, 2 young (4096K), 2 survivors (4096K)
 Metaspace       used 30164K, committed 30720K, reserved 1114112K
  class space    used 4239K, committed 4480K, reserved 1048576K
}

Deoptimization events (6 events):
Event: 1.393 Thread 0x000002c7fdafcf40 DEOPT PACKING pc=0x000002c787dab93c sp=0x000000f970ffdb40
Event: 1.393 Thread 0x000002c7fdafcf40 DEOPT UNPACKING pc=0x000002c787852b43 sp=0x000000f970ffd070 mode 0
Event: 2.506 Thread 0x000002c7fdafcf40 DEOPT PACKING pc=0x000002c787dfad89 sp=0x000000f970ffe9b0
Event: 2.506 Thread 0x000002c7fdafcf40 DEOPT UNPACKING pc=0x000002c787852b43 sp=0x000000f970ffde40 mode 3
Event: 2.506 Thread 0x000002c7da1142e0 DEOPT PACKING pc=0x000002c787dd679f sp=0x000000f973bff350
Event: 2.506 Thread 0x000002c7da1142e0 DEOPT UNPACKING pc=0x000002c787852b43 sp=0x000000f973bfe7a8 mode 3

Classes unloaded (0 events):
No events

Classes redefined (0 events):
No events

Internal exceptions (20 events):
Event: 2.254 Thread 0x000002c7fdafcf40 Exception <a 'java/lang/IncompatibleClassChangeError'{0x000000070c3b4c28}: Found class java.lang.Object, but interface was expected> (0x000000070c3b4c28) 
thrown [s\open\src\hotspot\share\interpreter\linkResolver.cpp, line 826]
Event: 2.255 Thread 0x000002c7fdafcf40 Exception <a 'java/lang/IncompatibleClassChangeError'{0x000000070c3cf5a8}: Found class java.lang.Object, but interface was expected> (0x000000070c3cf5a8) 
thrown [s\open\src\hotspot\share\interpreter\linkResolver.cpp, line 826]
Event: 2.255 Thread 0x000002c7fdafcf40 Exception <a 'java/lang/IncompatibleClassChangeError'{0x000000070c3d5580}: Found class java.lang.Object, but interface was expected> (0x000000070c3d5580) 
thrown [s\open\src\hotspot\share\interpreter\linkResolver.cpp, line 826]
Event: 2.256 Thread 0x000002c7fdafcf40 Exception <a 'java/lang/IncompatibleClassChangeError'{0x000000070c3e5f78}: Found class java.lang.Object, but interface was expected> (0x000000070c3e5f78) 
thrown [s\open\src\hotspot\share\interpreter\linkResolver.cpp, line 826]
Event: 2.256 Thread 0x000002c7fdafcf40 Exception <a 'java/lang/IncompatibleClassChangeError'{0x000000070c3edba8}: Found class java.lang.Object, but interface was expected> (0x000000070c3edba8) 
thrown [s\open\src\hotspot\share\interpreter\linkResolver.cpp, line 826]
Event: 2.256 Thread 0x000002c7fdafcf40 Exception <a 'java/lang/IncompatibleClassChangeError'{0x000000070c3f8b40}: Found class java.lang.Object, but interface was expected> (0x000000070c3f8b40) 
thrown [s\open\src\hotspot\share\interpreter\linkResolver.cpp, line 826]
Event: 2.259 Thread 0x000002c7fdafcf40 Exception <a 'java/lang/NoSuchMethodError'{0x000000070c02a698}: 'int java.lang.invoke.DirectMethodHandle$Holder.invokeSpecial(java.lang.Object, java.lang.Object, int)'> (0x000000070c02a698) 
thrown [s\open\src\hotspot\share\interpreter\linkResolver.cpp, line 759]
Event: 2.260 Thread 0x000002c7fdafcf40 Exception <a 'java/lang/NoSuchMethodError'{0x000000070c037e98}: 'void java.lang.invoke.DirectMethodHandle$Holder.invokeVirtual(java.lang.Object, java.lang.Object, int)'> (0x000000070c037e98) 
thrown [s\open\src\hotspot\share\interpreter\linkResolver.cpp, line 759]
Event: 2.260 Thread 0x000002c7fdafcf40 Exception <a 'java/lang/NoSuchMethodError'{0x000000070c03e080}: 'void java.lang.invoke.DirectMethodHandle$Holder.invokeStatic(java.lang.Object, java.lang.Object, java.lang.Object, int, java.lang.Object)'> (0x000000070c03e080) 
thrown [s\open\src\hotspot\share\interpreter\linkResolver.cpp, line 759]
Event: 2.260 Thread 0x000002c7fdafcf40 Exception <a 'java/lang/NoSuchMethodError'{0x000000070c0454e0}: 'java.lang.Object java.lang.invoke.DirectMethodHandle$Holder.newInvokeSpecial(java.lang.Object, java.lang.Object, java.lang.Object, int)'> (0x000000070c0454e0) 
thrown [s\open\src\hotspot\share\interpreter\linkResolver.cpp, line 759]
Event: 2.261 Thread 0x000002c7fdafcf40 Exception <a 'java/lang/NoSuchMethodError'{0x000000070c0497c8}: 'java.lang.Object java.lang.invoke.DirectMethodHandle$Holder.invokeSpecial(java.lang.Object, java.lang.Object, java.lang.Object, java.lang.Object, int)'> (0x000000070c0497c8) 
thrown [s\open\src\hotspot\share\interpreter\linkResolver.cpp, line 759]
Event: 2.261 Thread 0x000002c7fdafcf40 Exception <a 'java/lang/NoSuchMethodError'{0x000000070c04d390}: 'java.lang.Object java.lang.invoke.Invokers$Holder.linkToTargetMethod(java.lang.Object, java.lang.Object, int, java.lang.Object)'> (0x000000070c04d390) 
thrown [s\open\src\hotspot\share\interpreter\linkResolver.cpp, line 759]
Event: 2.265 Thread 0x000002c7fdafcf40 Exception <a 'java/lang/NoSuchMethodError'{0x000000070c0b3e08}: 'void java.lang.invoke.DirectMethodHandle$Holder.invokeStatic(java.lang.Object, int, java.lang.Object)'> (0x000000070c0b3e08) 
thrown [s\open\src\hotspot\share\interpreter\linkResolver.cpp, line 759]
Event: 2.409 Thread 0x000002c7fdafcf40 Exception <a 'java/io/FileNotFoundException'{0x000000071633b840}> (0x000000071633b840) 
thrown [s\open\src\hotspot\share\prims\jni.cpp, line 516]
Event: 2.456 Thread 0x000002c7fdafcf40 Exception <a 'java/lang/NoSuchMethodError'{0x000000070cdacaa8}: 'int java.lang.invoke.DirectMethodHandle$Holder.invokeInterface(java.lang.Object, java.lang.Object, java.lang.Object, java.lang.Object)'> (0x000000070cdacaa8) 
thrown [s\open\src\hotspot\share\interpreter\linkResolver.cpp, line 759]
Event: 2.495 Thread 0x000002c7fdafcf40 Exception <a 'java/lang/NoSuchMethodError'{0x000000070cbd2820}: 'long java.lang.invoke.DirectMethodHandle$Holder.invokeVirtual(java.lang.Object, java.lang.Object)'> (0x000000070cbd2820) 
thrown [s\open\src\hotspot\share\interpreter\linkResolver.cpp, line 759]
Event: 2.519 Thread 0x000002c7fdafcf40 Exception <a 'java/lang/NoSuchMethodError'{0x000000070c91fc88}: 'void java.lang.invoke.DirectMethodHandle$Holder.invokeVirtual(java.lang.Object, java.lang.Object, long)'> (0x000000070c91fc88) 
thrown [s\open\src\hotspot\share\interpreter\linkResolver.cpp, line 759]
Event: 2.586 Thread 0x000002c7fdafcf40 Exception <a 'sun/nio/fs/WindowsException'{0x000000070c4f3b70}> (0x000000070c4f3b70) 
thrown [s\open\src\hotspot\share\prims\jni.cpp, line 516]
Event: 2.628 Thread 0x000002c7fdafcf40 Exception <a 'java/lang/NoSuchMethodError'{0x000000070c30dca8}: 'java.lang.Object java.lang.invoke.Invokers$Holder.invoke_MT(java.lang.Object, java.lang.Object, java.lang.Object)'> (0x000000070c30dca8) 
thrown [s\open\src\hotspot\share\interpreter\linkResolver.cpp, line 759]
Event: 2.716 Thread 0x000002c7da111f70 Exception <a 'java/lang/reflect/InvocationTargetException'{0x0000000716409438}> (0x0000000716409438) 
thrown [s\open\src\hotspot\share\runtime\reflection.cpp, line 1121]

VM Operations (20 events):
Event: 1.960 Executing VM operation: HandshakeAllThreads
Event: 1.960 Executing VM operation: HandshakeAllThreads done
Event: 2.280 Executing VM operation: G1CollectForAllocation
Event: 2.286 Executing VM operation: G1CollectForAllocation done
Event: 2.300 Executing VM operation: HandshakeAllThreads
Event: 2.300 Executing VM operation: HandshakeAllThreads done
Event: 2.381 Executing VM operation: HandshakeAllThreads
Event: 2.381 Executing VM operation: HandshakeAllThreads done
Event: 2.403 Executing VM operation: HandshakeAllThreads
Event: 2.403 Executing VM operation: HandshakeAllThreads done
Event: 2.431 Executing VM operation: HandshakeAllThreads
Event: 2.431 Executing VM operation: HandshakeAllThreads done
Event: 2.475 Executing VM operation: HandshakeAllThreads
Event: 2.475 Executing VM operation: HandshakeAllThreads done
Event: 2.501 Executing VM operation: HandshakeAllThreads
Event: 2.501 Executing VM operation: HandshakeAllThreads done
Event: 2.560 Executing VM operation: HandshakeAllThreads
Event: 2.560 Executing VM operation: HandshakeAllThreads done
Event: 2.645 Executing VM operation: G1CollectForAllocation
Event: 2.649 Executing VM operation: G1CollectForAllocation done

Events (20 events):
Event: 2.500 loading class jdk/internal/vm/annotation/IntrinsicCandidate done
Event: 2.505 Thread 0x000002c7da113dd0 Thread added: 0x000002c7da113dd0
Event: 2.506 Thread 0x000002c7da1142e0 Thread added: 0x000002c7da1142e0
Event: 2.506 loading class java/util/concurrent/locks/AbstractQueuedSynchronizer$ExclusiveNode
Event: 2.506 loading class java/util/concurrent/locks/AbstractQueuedSynchronizer$ExclusiveNode done
Event: 2.509 Thread 0x000002c7da111550 Thread added: 0x000002c7da111550
Event: 2.519 loading class java/util/concurrent/CompletableFuture
Event: 2.520 loading class java/util/concurrent/CompletionStage
Event: 2.520 loading class java/util/concurrent/CompletionStage done
Event: 2.520 loading class java/util/concurrent/CompletableFuture done
Event: 2.536 loading class java/lang/ExceptionInInitializerError
Event: 2.536 loading class java/lang/ExceptionInInitializerError done
Event: 2.578 loading class javax/naming/Referenceable
Event: 2.578 loading class javax/naming/Referenceable done
Event: 2.601 loading class java/lang/instrument/ClassFileTransformer
Event: 2.601 loading class java/lang/instrument/ClassFileTransformer done
Event: 2.713 Thread 0x000002c7da112480 Thread added: 0x000002c7da112480
Event: 2.717 Thread 0x000002c7da112480 Thread exited: 0x000002c7da112480
Event: 2.760 loading class java/util/UUID$Holder
Event: 2.761 loading class java/util/UUID$Holder done


Dynamic libraries:
0x00007ff6bdd40000 - 0x00007ff6bdd50000 	D:\jdk-17\bin\java.exe
0x00007ffe532a0000 - 0x00007ffe53507000 	C:\WINDOWS\SYSTEM32\ntdll.dll
0x00007ffe51870000 - 0x00007ffe51939000 	C:\WINDOWS\System32\KERNEL32.DLL
0x00007ffe507e0000 - 0x00007ffe50bcf000 	C:\WINDOWS\System32\KERNELBASE.dll
0x00007ffe50690000 - 0x00007ffe507db000 	C:\WINDOWS\System32\ucrtbase.dll
0x00007ffe4d0a0000 - 0x00007ffe4d0b9000 	D:\jdk-17\bin\jli.dll
0x00007ffe51a40000 - 0x00007ffe51af4000 	C:\WINDOWS\System32\ADVAPI32.dll
0x00007ffe51440000 - 0x00007ffe514e9000 	C:\WINDOWS\System32\msvcrt.dll
0x00007ffe4ae80000 - 0x00007ffe4ae9b000 	D:\jdk-17\bin\VCRUNTIME140.dll
0x00007ffe51100000 - 0x00007ffe511a6000 	C:\WINDOWS\System32\sechost.dll
0x00007ffe53140000 - 0x00007ffe53258000 	C:\WINDOWS\System32\RPCRT4.dll
0x00007ffe52050000 - 0x00007ffe52215000 	C:\WINDOWS\System32\USER32.dll
0x00007ffe50c90000 - 0x00007ffe50cb7000 	C:\WINDOWS\System32\win32u.dll
0x00007ffe51040000 - 0x00007ffe5106b000 	C:\WINDOWS\System32\GDI32.dll
0x00007ffe2db70000 - 0x00007ffe2de03000 	C:\WINDOWS\WinSxS\amd64_microsoft.windows.common-controls_6595b64144ccf1df_6.0.26100.7309_none_3e05feeae336a044\COMCTL32.dll
0x00007ffe504a0000 - 0x00007ffe505cc000 	C:\WINDOWS\System32\gdi32full.dll
0x00007ffe503f0000 - 0x00007ffe50493000 	C:\WINDOWS\System32\msvcp_win.dll
0x00007ffe491c0000 - 0x00007ffe491cb000 	C:\WINDOWS\SYSTEM32\VERSION.dll
0x00007ffe52280000 - 0x00007ffe522b1000 	C:\WINDOWS\System32\IMM32.DLL
0x00007ffe4d090000 - 0x00007ffe4d09c000 	D:\jdk-17\bin\vcruntime140_1.dll
0x00007ffe43de0000 - 0x00007ffe43e6e000 	D:\jdk-17\bin\msvcp140.dll
0x00007ffd832e0000 - 0x00007ffd83ec1000 	D:\jdk-17\bin\server\jvm.dll
0x00007ffe52270000 - 0x00007ffe52278000 	C:\WINDOWS\System32\PSAPI.DLL
0x00007ffe47e30000 - 0x00007ffe47e3a000 	C:\WINDOWS\SYSTEM32\WSOCK32.dll
0x00007ffe514f0000 - 0x00007ffe51564000 	C:\WINDOWS\System32\WS2_32.dll
0x00007ffe431c0000 - 0x00007ffe431f5000 	C:\WINDOWS\SYSTEM32\WINMM.dll
0x00007ffe4f180000 - 0x00007ffe4f19b000 	C:\WINDOWS\SYSTEM32\kernel.appcore.dll
0x00007ffe4b010000 - 0x00007ffe4b01a000 	D:\jdk-17\bin\jimage.dll
0x00007ffe4d7f0000 - 0x00007ffe4da32000 	C:\WINDOWS\SYSTEM32\DBGHELP.DLL
0x00007ffe51c00000 - 0x00007ffe51f86000 	C:\WINDOWS\System32\combase.dll
0x00007ffe51360000 - 0x00007ffe51436000 	C:\WINDOWS\System32\OLEAUT32.dll
0x00007ffe3bca0000 - 0x00007ffe3bcdc000 	C:\WINDOWS\SYSTEM32\dbgcore.DLL
0x00007ffe50be0000 - 0x00007ffe50c85000 	C:\WINDOWS\System32\bcryptPrimitives.dll
0x00007ffe4ae70000 - 0x00007ffe4ae7e000 	D:\jdk-17\bin\instrument.dll
0x00007ffe4ae00000 - 0x00007ffe4ae25000 	D:\jdk-17\bin\java.dll
0x00007ffe43d00000 - 0x00007ffe43dd7000 	D:\jdk-17\bin\jsvml.dll
0x00007ffe527d0000 - 0x00007ffe52f23000 	C:\WINDOWS\System32\SHELL32.dll
0x00007ffe50ed0000 - 0x00007ffe5103a000 	C:\WINDOWS\System32\wintypes.dll
0x00007ffe4dfd0000 - 0x00007ffe4e82e000 	C:\WINDOWS\SYSTEM32\windows.storage.dll
0x00007ffe51b00000 - 0x00007ffe51bf5000 	C:\WINDOWS\System32\SHCORE.dll
0x00007ffe530d0000 - 0x00007ffe53136000 	C:\WINDOWS\System32\shlwapi.dll
0x00007ffe50310000 - 0x00007ffe50339000 	C:\WINDOWS\SYSTEM32\profapi.dll
0x00007ffe43cc0000 - 0x00007ffe43cd8000 	D:\jdk-17\bin\zip.dll
0x00007ffe4adc0000 - 0x00007ffe4add9000 	D:\jdk-17\bin\net.dll
0x00007ffe480d0000 - 0x00007ffe481f8000 	C:\WINDOWS\SYSTEM32\WINHTTP.dll
0x00007ffe4f710000 - 0x00007ffe4f77b000 	C:\WINDOWS\system32\mswsock.dll
0x00007ffe4ace0000 - 0x00007ffe4acf6000 	D:\jdk-17\bin\nio.dll
0x00007ffe4ec50000 - 0x00007ffe4ed7c000 	C:\WINDOWS\SYSTEM32\DNSAPI.dll
0x00007ffe4eb60000 - 0x00007ffe4eb94000 	C:\WINDOWS\SYSTEM32\IPHLPAPI.DLL
0x00007ffe511b0000 - 0x00007ffe511ba000 	C:\WINDOWS\System32\NSI.dll
0x00007ffe48ee0000 - 0x00007ffe48eeb000 	C:\Windows\System32\rasadhlp.dll
0x00007ffe43e70000 - 0x00007ffe43ef6000 	C:\WINDOWS\System32\fwpuclnt.dll
0x00007ffe4ae60000 - 0x00007ffe4ae6a000 	D:\jdk-17\bin\management.dll
0x00007ffe4adb0000 - 0x00007ffe4adbb000 	D:\jdk-17\bin\management_ext.dll
0x00007ffe4f9d0000 - 0x00007ffe4f9eb000 	C:\WINDOWS\SYSTEM32\CRYPTSP.dll
0x00007ffe4f0e0000 - 0x00007ffe4f11a000 	C:\WINDOWS\system32\rsaenh.dll
0x00007ffe4f7c0000 - 0x00007ffe4f7eb000 	C:\WINDOWS\SYSTEM32\USERENV.dll
0x00007ffe502e0000 - 0x00007ffe5030a000 	C:\WINDOWS\SYSTEM32\bcrypt.dll
0x00007ffe4f9f0000 - 0x00007ffe4f9fc000 	C:\WINDOWS\SYSTEM32\CRYPTBASE.dll
0x00007ffe47ee0000 - 0x00007ffe47efe000 	C:\WINDOWS\SYSTEM32\dhcpcsvc6.DLL
0x00007ffe47e00000 - 0x00007ffe47e23000 	C:\WINDOWS\SYSTEM32\dhcpcsvc.DLL
0x00007ffe2a5a0000 - 0x00007ffe2a5b8000 	C:\WINDOWS\system32\napinsp.dll
0x00007ffe2a580000 - 0x00007ffe2a592000 	C:\WINDOWS\System32\winrnr.dll
0x00007ffe2a3d0000 - 0x00007ffe2a3f2000 	C:\WINDOWS\system32\nlansp_c.dll
0x00007ffe47a70000 - 0x00007ffe47a86000 	C:\WINDOWS\system32\wshbth.dll
0x00007ffe4acd0000 - 0x00007ffe4acde000 	D:\jdk-17\bin\sunmscapi.dll
0x00007ffe50cc0000 - 0x00007ffe50e37000 	C:\WINDOWS\System32\CRYPT32.dll
0x00007ffe4fbf0000 - 0x00007ffe4fc20000 	C:\WINDOWS\SYSTEM32\ncrypt.dll
0x00007ffe4fba0000 - 0x00007ffe4fbdf000 	C:\WINDOWS\SYSTEM32\NTASN1.dll

dbghelp: loaded successfully - version: 4.0.5 - missing functions: none
symbol engine: initialized successfully - sym options: 0x614 - pdb path: .;D:\jdk-17\bin;C:\WINDOWS\SYSTEM32;C:\WINDOWS\WinSxS\amd64_microsoft.windows.common-controls_6595b64144ccf1df_6.0.26100.7309_none_3e05feeae336a044;D:\jdk-17\bin\server

VM Arguments:
jvm_args: -XX:TieredStopAtLevel=1 -Dspring.output.ansi.enabled=always -Dcom.sun.management.jmxremote -Dspring.jmx.enabled=true -Dspring.liveBeansView.mbeanDomain -Dspring.application.admin.enabled=true -Dmanagement.endpoints.jmx.exposure.include=* -javaagent:C:\Users\Admin\AppData\Local\Programs\IntelliJ IDEA Ultimate 2025.3.1\lib\idea_rt.jar=64564 -Dfile.encoding=UTF-8 
java_command: com.example.demo.DemoApplication
java_class_path (initial): C:\Users\Admin\Downloads\demo\demo\target\classes;C:\Users\Admin\.m2\repository\org\springframework\boot\spring-boot-starter-data-jpa\4.0.2\spring-boot-starter-data-jpa-4.0.2.jar;C:\Users\Admin\.m2\repository\org\springframework\boot\spring-boot-starter\4.0.2\spring-boot-starter-4.0.2.jar;C:\Users\Admin\.m2\repository\org\springframework\boot\spring-boot-starter-logging\4.0.2\spring-boot-starter-logging-4.0.2.jar;C:\Users\Admin\.m2\repository\ch\qos\logback\logback-classic\1.5.25\logback-classic-1.5.25.jar;C:\Users\Admin\.m2\repository\ch\qos\logback\logback-core\1.5.25\logback-core-1.5.25.jar;C:\Users\Admin\.m2\repository\org\apache\logging\log4j\log4j-to-slf4j\2.25.3\log4j-to-slf4j-2.25.3.jar;C:\Users\Admin\.m2\repository\org\apache\logging\log4j\log4j-api\2.25.3\log4j-api-2.25.3.jar;C:\Users\Admin\.m2\repository\org\slf4j\jul-to-slf4j\2.0.17\jul-to-slf4j-2.0.17.jar;C:\Users\Admin\.m2\repository\jakarta\annotation\jakarta.annotation-api\3.0.0\jakarta.annotation-api-3.0.0.jar;C:\Users\Admin\.m2\repository\org\yaml\snakeyaml\2.5\snakeyaml-2.5.jar;C:\Users\Admin\.m2\repository\org\springframework\boot\spring-boot-starter-jdbc\4.0.2\spring-boot-starter-jdbc-4.0.2.jar;C:\Users\Admin\.m2\repository\com\zaxxer\HikariCP\7.0.2\HikariCP-7.0.2.jar;C:\Users\Admin\.m2\repository\org\slf4j\slf4j-api\2.0.17\slf4j-api-2.0.17.jar;C:\Users\Admin\.m2\repository\org\springframework\boot\spring-boot-data-jpa\4.0.2\spring-boot-data-jpa-4.0.2.jar;C:\Users\Admin\.m2\repository\org\springframework\boot\spring-boot-data-commons\4.0.2\spring-boot-data-commons-4.0.2.jar;C:\Users\Admin\.m2\repository\org\springframework\boot\spring-boot-persistence\4.0.2\spring-boot-persistence-4.0.2.jar;C:\Users\Admin\.m2\repository\org\springframework\data\spring-data-commons\4.0.2\spring-data-commons-4.0.2.jar;C:\Users\Admin\.m2\repository\org\springframework\boot\spring-boot-hibernate\4.0.2\spring-boot-hibernate-4.0.2.jar;C:\Users\Admin\.m2\repository\org\springframework\boot\
Launcher Type: SUN_STANDARD

[Global flags]
     intx CICompilerCount                          = 12                                        {product} {ergonomic}
     uint ConcGCThreads                            = 3                                         {product} {ergonomic}
     uint G1ConcRefinementThreads                  = 13                                        {product} {ergonomic}
   size_t G1HeapRegionSize                         = 2097152                                   {product} {ergonomic}
    uintx GCDrainStackTargetSize                   = 64                                        {product} {ergonomic}
   size_t InitialHeapSize                          = 257949696                                 {product} {ergonomic}
     bool ManagementServer                         = true                                      {product} {command line}
   size_t MarkStackSize                            = 4194304                                   {product} {ergonomic}
   size_t MaxHeapSize                              = 4127195136                                {product} {ergonomic}
   size_t MaxNewSize                               = 2474639360                                {product} {ergonomic}
   size_t MinHeapDeltaBytes                        = 2097152                                   {product} {ergonomic}
   size_t MinHeapSize                              = 8388608                                   {product} {ergonomic}
    uintx NonProfiledCodeHeapSize                  = 0                                      {pd product} {ergonomic}
     bool ProfileInterpreter                       = false                                  {pd product} {command line}
    uintx ProfiledCodeHeapSize                     = 0                                      {pd product} {ergonomic}
   size_t SoftMaxHeapSize                          = 4127195136                             {manageable} {ergonomic}
     intx TieredStopAtLevel                        = 1                                         {product} {command line}
     bool UseCompressedClassPointers               = true                           {product lp64_product} {ergonomic}
     bool UseCompressedOops                        = true                           {product lp64_product} {ergonomic}
     bool UseG1GC                                  = true                                      {product} {ergonomic}
     bool UseLargePagesIndividualAllocation        = false                                  {pd product} {ergonomic}

Logging:
Log output configuration:
 #0: stdout all=warning uptime,level,tags
 #1: stderr all=off uptime,level,tags

Environment Variables:
JAVA_HOME=D:\jdk-17
PATH=C:\Python312\Scripts\;C:\Python312\;C:\Program Files\Common Files\Oracle\Java\javapath;C:\Users\Admin\AppData\Local\Programs\Python\Python311\Scripts;C:\Windows;C:\Windows\System32\Wbem;C:\Windows\System32\WindowsPowerShell\v1.0\;C:\Windows\System32\OpenSSH\;C:\Program Files (x86)\NVIDIA Corporation\PhysX\Common;C:\Program Files\NVIDIA Corporation\NVIDIA NvDLISR;C:\Program Files\dotnet\;C:\WINDOWS\system32;C:\WINDOWS;C:\WINDOWS\System32\Wbem;C:\WINDOWS\System32\WindowsPowerShell\v1.0\;C:\WINDOWS\System32\OpenSSH\;D:\Git\cmd;D:\go_lang\bin;C:\Program Files\Calibre2\;C:\ProgramData\chocolatey\bin;C:\Users\Admin\AppData\Local\Pub\Cache\bin;D:\jdk-17\bin;C:\Program Files\Microsoft SQL Server\150\Tools\Binn\;D:\graphviz\bin;D:\nodejs\;C:\Users\Admin\AppData\Local\Programs\Python\Python311\Scripts\;C:\Users\Admin\AppData\Local\Programs\Python\Python311\;D:\Microsoft VS Code\bin;D:\Git\bin;D:\flutter\bin;D:\ming\ucrt64\bin;C:\Users\Admin\go\bin;C:;C:\WINDOWS\system32;C:\WINDOWS;C:\WINDOWS\System32\Wbem;C:\WINDOWS\System32\WindowsPowerShell\v1.0\;C:\WINDOWS\System32\OpenSSH\;C:\Program Files\Docker\Docker\resources\bin;C:\Users\Admin\AppData\Local\Programs\Python\Python311\Scripts\;C:\Users\Admin\AppData\Local\Programs\Python\Python311\;C:\Users\Admin\AppData\Local\Programs\Python\Python311\Scripts;D:\Microsoft VS Code\bin;D:\Git\bin;D:\Git\cmd;D:\flutter\bin;D:\ming\ucrt64\bin;C:\Users\Admin\go\bin;D:\cursor\resources\app\bin;C:\Users\Admin\AppData\Roaming\npm;C:\Users\Admin\AppData\Local\Microsoft\WindowsApps;D:\Antigravity\bin;
USERNAME=Admin
OS=Windows_NT
PROCESSOR_IDENTIFIER=AMD64 Family 23 Model 96 Stepping 1, AuthenticAMD



---------------  S Y S T E M  ---------------

OS:
 Windows 11 , 64 bit Build 26100 (10.0.26100.7623)
OS uptime: 0 days 1:52 hours
Hyper-V role detected

CPU: total 16 (initial active 16) (16 cores per cpu, 2 threads per core) family 23 model 96 stepping 1 microcode 0x8600106, cx8, cmov, fxsr, ht, mmx, 3dnowpref, sse, sse2, sse3, ssse3, sse4a, sse4.1, sse4.2, popcnt, lzcnt, tsc, tscinvbit, avx, avx2, aes, clmul, bmi1, bmi2, adx, sha, fma, vzeroupper, clflush, clflushopt, hv

Memory: 4k page, system-wide physical 15741M (1094M free)
TotalPageFile size 23105M (AvailPageFile size 53M)
current process WorkingSet (physical memory assigned to process): 151M, peak: 151M
current process commit charge ("private bytes"): 302M, peak: 382M

vm_info: Java HotSpot(TM) 64-Bit Server VM (17.0.13+10-LTS-268) for windows-amd64 JRE (17.0.13+10-LTS-268), built on Sep 30 2024 06:33:13 by "mach5one" with MS VC++ 17.6 (VS2022)

END.
